This is pdfTeX, Version 3.14159265-2.6-1.40.18 (MiKTeX 2.9.6500 64-bit) (preloaded format=pdflatex 2017.12.26)  30 DEC 2019 15:39
entering extended mode
**./RecipeBook.tex
(RecipeBook.tex
LaTeX2e <2017-04-15>
Babel <3.15> and hyphenation patterns for 75 language(s) loaded.
(C:\Users\Katrina\AppData\Roaming\MiKTeX\2.9\tex\latex\memoir\memoir.cls
Document Class: memoir 2016/05/16 v3.7f configurable book, report, article document class
\onelineskip=\skip41
\lxvchars=\skip42
\xlvchars=\skip43
\@memcnta=\count79
\c@@memmarkcntra=\count80
("C:\Program Files\MiKTeX 2.9\tex\generic\oberdiek\ifpdf.sty"
Package: ifpdf 2017/03/15 v3.2 Provides the ifpdf switch
)
(C:\Users\Katrina\AppData\Roaming\MiKTeX\2.9\tex\latex\ifetex\ifetex.sty
Package: ifetex 2011/12/15 v1.2 ifetex

(C:\Users\Katrina\AppData\Roaming\MiKTeX\2.9\tex\plain\ifetex\ifetex.tex))
("C:\Program Files\MiKTeX 2.9\tex\generic\ifxetex\ifxetex.sty"
Package: ifxetex 2010/09/12 v0.6 Provides ifxetex conditional
)
("C:\Program Files\MiKTeX 2.9\tex\generic\oberdiek\ifluatex.sty"
Package: ifluatex 2016/05/16 v1.4 Provides the ifluatex switch (HO)
Package ifluatex Info: LuaTeX not detected.
)
\stockheight=\skip44
\stockwidth=\skip45
\trimtop=\skip46
\trimedge=\skip47

(C:\Users\Katrina\AppData\Roaming\MiKTeX\2.9\tex\latex\memoir\mem12.clo
File: mem12.clo 2010/10/19 v0.4b memoir class 12pt size option
)
\binding=\skip48
\spinemargin=\skip49
\foremargin=\skip50
\uppermargin=\skip51
\lowermargin=\skip52
\headdrop=\skip53
\normalrulethickness=\skip54
\mem@maxheadheight=\skip55
\mem@maxfootheight=\skip56
\headwidth=\skip57
\c@storedpagenumber=\count81
\memPD=\dimen102
\m@mabparskip=\skip58
\thanksmarkwidth=\skip59
\thanksmarksep=\skip60
\droptitle=\skip61
\c@book=\count82
\c@part=\count83
\c@chapter=\count84
\c@section=\count85
\c@subsection=\count86
\c@subsubsection=\count87
\c@paragraph=\count88
\c@subparagraph=\count89
\beforechapskip=\skip62
\midchapskip=\skip63
\afterchapskip=\skip64
\chapindent=\skip65
\bottomsectionskip=\skip66
\secindent=\skip67
\beforesecskip=\skip68
\aftersecskip=\skip69
\subsecindent=\skip70
\beforesubsecskip=\skip71
\aftersubsecskip=\skip72
\subsubsecindent=\skip73
\beforesubsubsecskip=\skip74
\aftersubsubsecskip=\skip75
\paraindent=\skip76
\beforeparaskip=\skip77
\afterparaskip=\skip78
\subparaindent=\skip79
\beforesubparaskip=\skip80
\aftersubparaskip=\skip81
\pfbreakskip=\skip82
\c@@ppsavesec=\count90
\c@@ppsaveapp=\count91
\ragrparindent=\dimen103
\everylistparindent=\dimen104
\parsepi=\skip83
\topsepi=\skip84
\itemsepi=\skip85
\parsepii=\skip86
\topsepii=\skip87
\topsepiii=\skip88
\itemsepii=\skip89
\itemsepiii=\skip90
\partopsepii=\skip91
\partopsepiii=\skip92
\m@msavetopsep=\skip93
\m@msavepartopsep=\skip94
\@enLab=\toks14
\abstitleskip=\skip95
\absleftindent=\skip96
\abs@leftindent=\dimen105
\absrightindent=\skip97
\absparindent=\skip98
\absparsep=\skip99
\c@vslineno=\count92
\c@poemline=\count93
\c@modulo@vs=\count94
\c@memfvsline=\count95
\vleftskip=\skip100
\vrightskip=\skip101
\stanzaskip=\skip102
\versewidth=\skip103
\vgap=\skip104
\vindent=\skip105
\vleftmargin=\dimen106
\c@verse=\count96
\c@chrsinstr=\count97
\beforepoemtitleskip=\skip106
\afterpoemtitleskip=\skip107
\c@poem=\count98
\beforePoemTitleskip=\skip108
\midPoemTitleskip=\skip109
\afterPoemTitleskip=\skip110
\col@sep=\dimen107
\extrarowheight=\dimen108
\NC@list=\toks15
\extratabsurround=\skip111
\backup@length=\skip112
\TX@col@width=\dimen109
\TX@old@table=\dimen110
\TX@old@col=\dimen111
\TX@target=\dimen112
\TX@delta=\dimen113
\TX@cols=\count99
\TX@ftn=\toks16
\heavyrulewidth=\dimen114
\lightrulewidth=\dimen115
\cmidrulewidth=\dimen116
\belowrulesep=\dimen117
\belowbottomsep=\dimen118
\aboverulesep=\dimen119
\abovetopsep=\dimen120
\cmidrulesep=\dimen121
\cmidrulekern=\dimen122
\defaultaddspace=\dimen123
\@cmidla=\count100
\@cmidlb=\count101
\@aboverulesep=\dimen124
\@belowrulesep=\dimen125
\@thisruleclass=\count102
\@lastruleclass=\count103
\@thisrulewidth=\dimen126
\ctableftskip=\skip113
\ctabrightskip=\skip114
\abovecolumnspenalty=\count104
\@linestogo=\count105
\@cellstogo=\count106
\@cellsincolumn=\count107
\crtok=\toks17
\@mincolumnwidth=\dimen127
\c@newflo@tctr=\count108
\mem@margin@floatbox=\box26
\@contcwidth=\skip115
\@contindw=\skip116
\abovecaptionskip=\skip117
\belowcaptionskip=\skip118
\subfloattopskip=\skip119
\subfloatcapskip=\skip120
\subfloatcaptopadj=\skip121
\subfloatbottomskip=\skip122
\subfloatlabelskip=\skip123
\subfloatcapmargin=\dimen128
\c@@contsubnum=\count109
\m@mscap@capbox=\box27
\m@mscap@fbox=\box28
\sidecapsep=\dimen129
\sidecapwidth=\dimen130
\m@m@tempdima=\dimen131
\m@mscapraise=\dimen132
\sidecapraise=\dimen133
\m@mscapmainwidth=\dimen134
\m@mscaplkern=\dimen135
\beforeepigraphskip=\skip124
\afterepigraphskip=\skip125
\epigraphwidth=\skip126
\epigraphrule=\skip127
LaTeX Info: Redefining \em on input line 7551.
LaTeX Info: Redefining \emph on input line 7559.
\tocentryskip=\skip128
\tocbaseline=\skip129
\cftparskip=\skip130
\cftbeforebookskip=\skip131
\cftbookindent=\dimen136
\cftbooknumwidth=\dimen137
\cftbeforepartskip=\skip132
\cftpartindent=\skip133
\cftpartnumwidth=\skip134
\cftbeforechapterskip=\skip135
\cftchapterindent=\skip136
\cftchapternumwidth=\skip137
\cftbeforesectionskip=\skip138
\cftsectionindent=\skip139
\cftsectionnumwidth=\skip140
\cftbeforesubsectionskip=\skip141
\cftsubsectionindent=\skip142
\cftsubsectionnumwidth=\skip143
\cftbeforesubsubsectionskip=\skip144
\cftsubsubsectionindent=\skip145
\cftsubsubsectionnumwidth=\skip146
\cftbeforeparagraphskip=\skip147
\cftparagraphindent=\skip148
\cftparagraphnumwidth=\skip149
\cftbeforesubparagraphskip=\skip150
\cftsubparagraphindent=\skip151
\cftsubparagraphnumwidth=\skip152
\prechapterprecisshift=\dimen138
\c@maxsecnumdepth=\count110
\bibindent=\dimen139
\bibitemsep=\skip153
\indexcolsep=\skip154
\indexrule=\skip155
\indexmarkstyle=\toks18
\@indexbox=\insert199
\glossarycolsep=\dimen140
\glossaryrule=\dimen141
\sideparvshift=\skip156
\sideins=\insert198
\sidebartopsep=\skip157
\sidebarhsep=\skip158
\sidebarvsep=\skip159
\sidebarwidth=\skip160
\footmarkwidth=\skip161
\footmarksep=\skip162
\footparindent=\skip163
\footinsdim=\skip164
\footinsv@r=\insert197
\@mpfootinsv@r=\insert196
\m@m@k=\count111
\m@m@h=\dimen142
\m@mipn@skip=\skip165
\sidefootins=\insert195
\sidefootadjust=\skip166
\sidefootheight=\skip167
\sidefoothsep=\skip168
\sidefootvsep=\skip169
\sidefootwidth=\skip170
\m@mdownsf=\skip171
\c@sidefootnote=\count112
\sidefootmarkwidth=\skip172
\sidefootmarksep=\skip173
\sidefootparindent=\skip174
\c@pagenote=\count113
\c@pagenoteshadow=\count114
\mem@pn@lastkern=\skip175
\every@verbatim=\toks19
\afterevery@verbatim=\toks20
\verbatim@line=\toks21
\tab@position=\count115
\verbatim@in@stream=\read1
\verbatimindent=\skip176
\verbatim@out=\write3
\bvboxsep=\skip177
\c@memfbvline=\count116
\c@bvlinectr=\count117
\bvnumlength=\skip178
\fb@frw=\dimen143
\fb@frh=\dimen144
\FrameRule=\dimen145
\FrameSep=\dimen146
\c@cp@cntr=\count118
LaTeX Info: Redefining \: on input line 12068.
LaTeX Info: Redefining \! on input line 12070.
\c@ism@mctr=\count119
\c@xsm@mctr=\count120
\c@csm@mctr=\count121
\c@ksm@mctr=\count122
\c@xksm@mctr=\count123
\c@cksm@mctr=\count124
\c@msm@mctr=\count125
\c@xmsm@mctr=\count126
\c@cmsm@mctr=\count127
\c@bsm@mctr=\count128
\c@workm@mctr=\count129
\c@sheetsequence=\count130
\c@lastsheet=\count131
\c@lastpage=\count132
\c@figure=\count133
\c@lofdepth=\count134
\cftbeforefigureskip=\skip179
\cftfigureindent=\skip180
\cftfigurenumwidth=\skip181
\c@table=\count135
\c@lotdepth=\count136
\cftbeforetableskip=\skip182
\cfttableindent=\skip183
\cfttablenumwidth=\skip184
Package abstract [2008/07/23] emulated by memoir.
Package appendix [2008/07/23] emulated by memoir.
Package array [2008/09/09] emulated by memoir.
Package booktabs [2016/05/16] emulated by memoir.
Package ccaption [2008/07/23] emulated by memoir.
Package changepage [2008/07/23] emulated by memoir.
Package chngcntr [2008/07/23] emulated by memoir.
Package chngpage [2008/07/23] emulated by memoir.
Package crop emulated by memoir.
Package dcolumn [2008/07/23] emulated by memoir.
Package delarray [2008/07/23] emulated by memoir.
Package enumerate [2008/07/23] emulated by memoir.
Package epigraph [2008/07/23] emulated by memoir.
Package ifmtarg [2008/07/23] emulated by memoir.
Package index [2008/07/23] emulated by memoir.
Package makeidx [2008/07/23] emulated by memoir.
Package moreverb [2008/07/23] emulated by memoir.
Package mparhack [2008/07/23] emulated by memoir.
Package needspace [2008/07/23] emulated by memoir.
Package newfile [2008/07/23] emulated by memoir.
Package nextpage [2008/07/23] emulated by memoir.
Package pagenote [2008/07/23] emulated by memoir.
Package parskip [2008/07/23] emulated by memoir.
Package patchcmd [2008/07/23] emulated by memoir.
Package setspace [2008/07/23] emulated by memoir.
Package shortvrb [2008/07/23] emulated by memoir.
Package showidx [2008/07/23] emulated by memoir.
Package tabularx [2008/07/23] emulated by memoir.
Package titleref [2008/07/23] emulated by memoir.
Package titling [2008/07/23] emulated by memoir.
Package tocbibind [2008/07/23] emulated by memoir.
Package tocloft [2008/07/23] emulated by memoir.
Package tocvsec2 [2008/07/23] emulated by memoir.
Package verbatim [2008/07/23] emulated by memoir.
Package verse [2008/07/23] emulated by memoir.

(C:\Users\Katrina\AppData\Roaming\MiKTeX\2.9\tex\latex\memoir\mempatch.sty
Package: mempatch 2009/07/24 v6.0f Patches for memoir class v1.6180339
))

******************************************************
Stock height and width: 794.96999pt by 614.295pt
Top and edge trims: 0pt and 0pt
Page height and width: 794.96999pt by 614.295pt
Text height and width: 693.5pt by 505pt
Spine and edge margins: 54.2025pt and 54.2025pt
Upper and lower margins: 54.2025pt and 47.26749pt
Headheight and headsep: 14.5pt and 19.8738pt
Footskip: 30pt
Columnsep and columnseprule: 10pt and 0pt
Marginparsep and marginparwidth: 7pt and 40.2025pt
Sidecapsep and sidecapwidth: 7pt and 102pt
Sidebarhsep and sidebarwidth: 7pt and 102pt
Sidebarvsep and sidebartopsep: 14.5pt and 0pt
Sidebarheight: 546.64995pt
Sidefoothsep and sidefootwidth: 7pt and 102pt
Sidefootvsep and sidefootheight: 14.5pt and 546.64995pt
******************************************************


******************************************************
Stock height and width: 11.00215in by 8.50166in
Top and edge trims: 0in and 0in
Page height and width: 11.00215in by 8.50166in
Text height and width: 9.59784in by 6.98906in
Spine and edge margins: 0.75014in and 0.75014in
Upper and lower margins: 0.75014in and 0.65416in
Headheight and headsep: 0.20067in and 0.27504in
Footskip: 0.41519in
Columnsep and columnseprule: 0.1384in and 0in
Marginparsep and marginparwidth: 0.09688in and 0.55638in
Sidecapsep and sidecapwidth: 0.09688in and 1.41165in
Sidebarhsep and sidebarwidth: 0.09688in and 1.41165in
Sidebarvsep and sidebartopsep: 0.20067in and 0in
Sidebarheight: 7.56548in
Sidefoothsep and sidefootwidth: 0.09688in and 1.41165in
Sidefootvsep and sidefootheight: 0.20067in and 7.56548in
******************************************************

("C:\Program Files\MiKTeX 2.9\tex\latex\graphics\graphicx.sty"
Package: graphicx 2017/06/01 v1.1a Enhanced LaTeX Graphics (DPC,SPQR)

("C:\Program Files\MiKTeX 2.9\tex\latex\graphics\keyval.sty"
Package: keyval 2014/10/28 v1.15 key=value parser (DPC)
\KV@toks@=\toks22
)
("C:\Program Files\MiKTeX 2.9\tex\latex\graphics\graphics.sty"
Package: graphics 2017/06/25 v1.2c Standard LaTeX Graphics (DPC,SPQR)
 ("C:\Program Files\MiKTeX 2.9\tex\latex\graphics\trig.sty"
Package: trig 2016/01/03 v1.10 sin cos tan (DPC)
) ("C:\Program Files\MiKTeX 2.9\tex\latex\graphics-cfg\graphics.cfg"
File: graphics.cfg 2016/06/04 v1.11 sample graphics configuration
)
Package graphics Info: Driver file: pdftex.def on input line 99.

("C:\Program Files\MiKTeX 2.9\tex\latex\graphics-def\pdftex.def"
File: pdftex.def 2017/06/24 v1.0g Graphics/color driver for pdftex
))
\Gin@req@height=\dimen147
\Gin@req@width=\dimen148
)
("C:\Program Files\MiKTeX 2.9\tex\latex\tools\multicol.sty"
Package: multicol 2017/04/11 v1.8q multicolumn formatting (FMi)
\c@tracingmulticols=\count137
\mult@box=\box29
\multicol@leftmargin=\dimen149
\c@unbalance=\count138
\c@collectmore=\count139
\doublecol@number=\count140
\multicoltolerance=\count141
\multicolpretolerance=\count142
\full@width=\dimen150
\page@free=\dimen151
\premulticols=\dimen152
\postmulticols=\dimen153
\multicolsep=\skip185
\multicolbaselineskip=\skip186
\partial@page=\box30
\last@line=\box31
\maxbalancingoverflow=\dimen154
\mult@rightbox=\box32
\mult@grightbox=\box33
\mult@gfirstbox=\box34
\mult@firstbox=\box35
\@tempa=\box36
\@tempa=\box37
\@tempa=\box38
\@tempa=\box39
\@tempa=\box40
\@tempa=\box41
\@tempa=\box42
\@tempa=\box43
\@tempa=\box44
\@tempa=\box45
\@tempa=\box46
\@tempa=\box47
\@tempa=\box48
\@tempa=\box49
\@tempa=\box50
\@tempa=\box51
\@tempa=\box52
\c@columnbadness=\count143
\c@finalcolumnbadness=\count144
\last@try=\dimen155
\multicolovershoot=\dimen156
\multicolundershoot=\dimen157
\mult@nat@firstbox=\box53
\colbreak@box=\box54
\mc@col@check@num=\count145
) ("C:\Program Files\MiKTeX 2.9\tex\latex\base\fontenc.sty"
Package: fontenc 2017/04/05 v2.0i Standard LaTeX package

("C:\Program Files\MiKTeX 2.9\tex\latex\base\t1enc.def"
File: t1enc.def 2017/04/05 v2.0i Standard LaTeX file
LaTeX Font Info:    Redeclaring font encoding T1 on input line 48.
))
(C:\Users\Katrina\AppData\Roaming\MiKTeX\2.9\tex\latex\titlesec\titlesec.sty
Package: titlesec 2016/03/21 v2.10.2 Sectioning titles
\ttl@box=\box55
\beforetitleunit=\skip187
\aftertitleunit=\skip188
\ttl@plus=\dimen158
\ttl@minus=\dimen159
\ttl@toksa=\toks23
\titlewidth=\dimen160
\titlewidthlast=\dimen161
\titlewidthfirst=\dimen162
)
(C:\Users\Katrina\AppData\Roaming\MiKTeX\2.9\tex\latex\xcolor\xcolor.sty
Package: xcolor 2016/05/11 v2.12 LaTeX color extensions (UK)

("C:\Program Files\MiKTeX 2.9\tex\latex\graphics-cfg\color.cfg"
File: color.cfg 2016/01/02 v1.6 sample color configuration
)
Package xcolor Info: Driver file: pdftex.def on input line 225.
Package xcolor Info: Model `cmy' substituted by `cmy0' on input line 1348.
Package xcolor Info: Model `hsb' substituted by `rgb' on input line 1352.
Package xcolor Info: Model `RGB' extended on input line 1364.
Package xcolor Info: Model `HTML' substituted by `rgb' on input line 1366.
Package xcolor Info: Model `Hsb' substituted by `hsb' on input line 1367.
Package xcolor Info: Model `tHsb' substituted by `hsb' on input line 1368.
Package xcolor Info: Model `HSB' substituted by `hsb' on input line 1369.
Package xcolor Info: Model `Gray' substituted by `gray' on input line 1370.
Package xcolor Info: Model `wave' substituted by `hsb' on input line 1371.
)
(C:\Users\Katrina\AppData\Roaming\MiKTeX\2.9\tex\latex\units\units.sty
Package: units 1998/08/04 v0.9b Typesetting units

("C:\Program Files\MiKTeX 2.9\tex\latex\base\ifthen.sty"
Package: ifthen 2014/09/29 v1.1c Standard LaTeX ifthen package (DPC)
)
(C:\Users\Katrina\AppData\Roaming\MiKTeX\2.9\tex\latex\units\nicefrac.sty
Package: nicefrac 1998/08/04 v0.9b Nice fractions
\L@UnitsRaiseDisplaystyle=\skip189
\L@UnitsRaiseTextstyle=\skip190
\L@UnitsRaiseScriptstyle=\skip191
))
("C:\Program Files\MiKTeX 2.9\tex\latex\hyperref\hyperref.sty"
Package: hyperref 2017/03/14 v6.85a Hypertext links for LaTeX

("C:\Program Files\MiKTeX 2.9\tex\generic\oberdiek\hobsub-hyperref.sty"
Package: hobsub-hyperref 2016/05/16 v1.14 Bundle oberdiek, subset hyperref (HO)

("C:\Program Files\MiKTeX 2.9\tex\generic\oberdiek\hobsub-generic.sty"
Package: hobsub-generic 2016/05/16 v1.14 Bundle oberdiek, subset generic (HO)
Package: hobsub 2016/05/16 v1.14 Construct package bundles (HO)
Package: infwarerr 2016/05/16 v1.4 Providing info/warning/error messages (HO)
Package: ltxcmds 2016/05/16 v1.23 LaTeX kernel commands for general use (HO)
Package hobsub Info: Skipping package `ifluatex' (already loaded).
Package: ifvtex 2016/05/16 v1.6 Detect VTeX and its facilities (HO)
Package ifvtex Info: VTeX not detected.
Package: intcalc 2016/05/16 v1.2 Expandable calculations with integers (HO)
Package hobsub Info: Skipping package `ifpdf' (already loaded).
Package: etexcmds 2016/05/16 v1.6 Avoid name clashes with e-TeX commands (HO)
Package etexcmds Info: Could not find \expanded.
(etexcmds)             That can mean that you are not using pdfTeX 1.50 or
(etexcmds)             that some package has redefined \expanded.
(etexcmds)             In the latter case, load this package earlier.
Package: kvsetkeys 2016/05/16 v1.17 Key value parser (HO)
Package: kvdefinekeys 2016/05/16 v1.4 Define keys (HO)
Package: pdftexcmds 2017/03/19 v0.25 Utility functions of pdfTeX for LuaTeX (HO)
Package pdftexcmds Info: LuaTeX not detected.
Package pdftexcmds Info: \pdf@primitive is available.
Package pdftexcmds Info: \pdf@ifprimitive is available.
Package pdftexcmds Info: \pdfdraftmode found.
Package: pdfescape 2016/05/16 v1.14 Implements pdfTeX's escape features (HO)
Package: bigintcalc 2016/05/16 v1.4 Expandable calculations on big integers (HO)
Package: bitset 2016/05/16 v1.2 Handle bit-vector datatype (HO)
Package: uniquecounter 2016/05/16 v1.3 Provide unlimited unique counter (HO)
)
Package hobsub Info: Skipping package `hobsub' (already loaded).
Package: letltxmacro 2016/05/16 v1.5 Let assignment for LaTeX macros (HO)
Package: hopatch 2016/05/16 v1.3 Wrapper for package hooks (HO)
Package: xcolor-patch 2016/05/16 xcolor patch
Package: atveryend 2016/05/16 v1.9 Hooks at the very end of document (HO)
Package atveryend Info: \enddocument detected (standard20110627).
Package: atbegshi 2016/06/09 v1.18 At begin shipout hook (HO)
Package: refcount 2016/05/16 v3.5 Data extraction from label references (HO)
Package: hycolor 2016/05/16 v1.8 Color options for hyperref/bookmark (HO)
)
("C:\Program Files\MiKTeX 2.9\tex\latex\oberdiek\auxhook.sty"
Package: auxhook 2016/05/16 v1.4 Hooks for auxiliary files (HO)
)
("C:\Program Files\MiKTeX 2.9\tex\latex\oberdiek\kvoptions.sty"
Package: kvoptions 2016/05/16 v3.12 Key value format for package options (HO)
)
\@linkdim=\dimen163
\Hy@linkcounter=\count146
\Hy@pagecounter=\count147

("C:\Program Files\MiKTeX 2.9\tex\latex\hyperref\pd1enc.def"
File: pd1enc.def 2017/03/14 v6.85a Hyperref: PDFDocEncoding definition (HO)
)
\Hy@SavedSpaceFactor=\count148

("C:\Program Files\MiKTeX 2.9\tex\latex\00miktex\hyperref.cfg"
File: hyperref.cfg 2002/06/06 v1.2 hyperref configuration of TeXLive
)
Package hyperref Info: Option `colorlinks' set `true' on input line 4374.
Package hyperref Info: Option `bookmarksopen' set `true' on input line 4374.
Package hyperref Info: Hyper figures OFF on input line 4498.
Package hyperref Info: Link nesting OFF on input line 4503.
Package hyperref Info: Hyper index ON on input line 4506.
Package hyperref Info: Plain pages OFF on input line 4513.
Package hyperref Info: Backreferencing OFF on input line 4518.
Package hyperref Info: Implicit mode ON; LaTeX internals redefined.
Package hyperref Info: Bookmarks ON on input line 4751.
\c@Hy@tempcnt=\count149

(C:\Users\Katrina\AppData\Roaming\MiKTeX\2.9\tex\latex\url\url.sty
\Urlmuskip=\muskip10
Package: url 2013/09/16  ver 3.4  Verb mode for urls, etc.
)
LaTeX Info: Redefining \url on input line 5104.
\XeTeXLinkMargin=\dimen164
\Fld@menulength=\count150
\Field@Width=\dimen165
\Fld@charsize=\dimen166
Package hyperref Info: Hyper figures OFF on input line 6358.
Package hyperref Info: Link nesting OFF on input line 6363.
Package hyperref Info: Hyper index ON on input line 6366.
Package hyperref Info: backreferencing OFF on input line 6373.
Package hyperref Info: Link coloring ON on input line 6376.
Package hyperref Info: Link coloring with OCG OFF on input line 6383.
Package hyperref Info: PDF/A mode OFF on input line 6388.
LaTeX Info: Redefining \ref on input line 6428.
LaTeX Info: Redefining \pageref on input line 6432.
\Hy@abspage=\count151
\c@Item=\count152
\c@Hfootnote=\count153
)
(C:\Users\Katrina\AppData\Roaming\MiKTeX\2.9\tex\latex\memoir\memhfixc.sty
Package: memhfixc 2013/05/30 v1.17 nameref/hyperref package fixes for memoir class
\c@memhycontfloat=\count154
\c@Hpagenote=\count155
)

Package hyperref Message: Driver: hpdftex.

("C:\Program Files\MiKTeX 2.9\tex\latex\hyperref\hpdftex.def"
File: hpdftex.def 2017/03/14 v6.85a Hyperref driver for pdfTeX
\Fld@listcount=\count156
\c@bookmark@seq@number=\count157

("C:\Program Files\MiKTeX 2.9\tex\latex\oberdiek\rerunfilecheck.sty"
Package: rerunfilecheck 2016/05/16 v1.8 Rerun checks for auxiliary files (HO)
Package uniquecounter Info: New unique counter `rerunfilecheck' on input line 282.
)
\Hy@SectionHShift=\skip192
)
\RecipeBook@idxfile=\write4
\openout4 = `RecipeBook.idx'.


Writing index file RecipeBook.idx 
\drop=\skip193
(RecipeBook.aux)
\openout1 = `RecipeBook.aux'.

LaTeX Font Info:    Checking defaults for OML/cmm/m/it on input line 108.
LaTeX Font Info:    ... okay on input line 108.
LaTeX Font Info:    Checking defaults for T1/cmr/m/n on input line 108.
LaTeX Font Info:    ... okay on input line 108.
LaTeX Font Info:    Checking defaults for OT1/cmr/m/n on input line 108.
LaTeX Font Info:    ... okay on input line 108.
LaTeX Font Info:    Checking defaults for OMS/cmsy/m/n on input line 108.
LaTeX Font Info:    ... okay on input line 108.
LaTeX Font Info:    Checking defaults for OMX/cmex/m/n on input line 108.
LaTeX Font Info:    ... okay on input line 108.
LaTeX Font Info:    Checking defaults for U/cmr/m/n on input line 108.
LaTeX Font Info:    ... okay on input line 108.
LaTeX Font Info:    Checking defaults for PD1/pdf/m/n on input line 108.
LaTeX Font Info:    ... okay on input line 108.
 (C:\Users\Katrina\AppData\Roaming\MiKTeX\2.9\tex\context\base\supp-pdf.mkii
[Loading MPS to PDF converter (version 2006.09.02).]
\scratchcounter=\count158
\scratchdimen=\dimen167
\scratchbox=\box56
\nofMPsegments=\count159
\nofMParguments=\count160
\everyMPshowfont=\toks24
\MPscratchCnt=\count161
\MPscratchDim=\dimen168
\MPnumerator=\count162
\makeMPintoPDFobject=\count163
\everyMPtoPDFconversion=\toks25
) ("C:\Program Files\MiKTeX 2.9\tex\latex\oberdiek\epstopdf-base.sty"
Package: epstopdf-base 2016/05/15 v2.6 Base part for package epstopdf

("C:\Program Files\MiKTeX 2.9\tex\latex\oberdiek\grfext.sty"
Package: grfext 2016/05/16 v1.2 Manage graphics extensions (HO)
)
Package epstopdf-base Info: Redefining graphics rule for `.eps' on input line 438.
Package grfext Info: Graphics extension search list:
(grfext)             [.pdf,.png,.jpg,.mps,.jpeg,.jbig2,.jb2,.PDF,.PNG,.JPG,.JPEG,.JBIG2,.JB2,.eps]
(grfext)             \AppendGraphicsExtensions on input line 456.
)
\AtBeginShipoutBox=\box57
Package hyperref Info: Link coloring ON on input line 108.

("C:\Program Files\MiKTeX 2.9\tex\latex\hyperref\nameref.sty"
Package: nameref 2016/05/21 v2.44 Cross-referencing by name of section

("C:\Program Files\MiKTeX 2.9\tex\generic\oberdiek\gettitlestring.sty"
Package: gettitlestring 2016/05/16 v1.5 Cleanup title references (HO)
)
\c@section@level=\count164
)
Redoing nameref's sectioning
Redoing nameref's label
LaTeX Info: Redefining \nameref on input line 108.
LaTeX Info: Redefining \ref on input line 108.
LaTeX Info: Redefining \pageref on input line 108.
LaTeX Info: Redefining \nameref on input line 108.
(RecipeBook.out) (RecipeBook.out)
\@outlinefile=\write5
\openout5 = `RecipeBook.out'.

 [1

{C:/Users/Katrina/AppData/Local/MiKTeX/2.9/pdftex/config/pdftex.map}] [2]
(RecipeBook.toc
LaTeX Font Info:    External font `cmex10' loaded for size
(Font)              <14.4> on input line 1.
LaTeX Font Info:    External font `cmex10' loaded for size
(Font)              <7> on input line 1.
LaTeX Font Info:    External font `cmex10' loaded for size
(Font)              <12> on input line 2.
LaTeX Font Info:    External font `cmex10' loaded for size
(Font)              <8> on input line 2.
LaTeX Font Info:    External font `cmex10' loaded for size
(Font)              <6> on input line 2.

Overfull \hbox (2.03697pt too wide) detected at line 16
 \T1/cmr/bx/n/12 101
 []


Overfull \hbox (2.03697pt too wide) detected at line 19
 \T1/cmr/bx/n/12 119
 []


Overfull \hbox (2.03697pt too wide) detected at line 27
 \T1/cmr/bx/n/12 189
 []


Overfull \hbox (2.03697pt too wide) detected at line 28
 \T1/cmr/bx/n/12 191
 []


Overfull \hbox (2.03697pt too wide) detected at line 30
 \T1/cmr/bx/n/12 199
 []

[3]
Overfull \hbox (2.03697pt too wide) detected at line 31
 \T1/cmr/bx/n/12 205
 []


Overfull \hbox (2.03697pt too wide) detected at line 32
 \T1/cmr/bx/n/12 209
 []


Overfull \hbox (2.03697pt too wide) detected at line 33
 \T1/cmr/bx/n/12 219
 []


Overfull \hbox (2.03697pt too wide) detected at line 34
 \T1/cmr/bx/n/12 235
 []


Overfull \hbox (2.03697pt too wide) detected at line 36
 \T1/cmr/bx/n/12 253
 []

) [4] [5

] [6

] [7]
<Girls.jpg, id=221, 578.16pt x 634.16925pt>
File: Girls.jpg Graphic file (type jpg)
<use Girls.jpg>
Package pdftex.def Info: Girls.jpg  used on input line 151. on input line 151.
Package pdftex.def Info: Requested size: 378.75pt x 415.43712pt on input line 151.
 [8] [9 <./Girls.jpg>] [10

] [11] [12] (Appetizers.tex
Overfull \hbox (14.35762pt too wide) in paragraph at lines 14--15
[][]  []
 []


Underfull \hbox (badness 10000) in paragraph at lines 22--22

 []


Overfull \hbox (14.35762pt too wide) in paragraph at lines 22--23
[][]  []
 []


Underfull \hbox (badness 1360) in paragraph at lines 32--32
\T1/cmr/bx/n/12 Garnish: sour cream, sliced onion
 []


Overfull \hbox (14.35762pt too wide) in paragraph at lines 32--33
[][]  []
 []

[13

]
Overfull \hbox (14.35762pt too wide) in paragraph at lines 52--53
[][]  []
 []


Overfull \hbox (14.35762pt too wide) in paragraph at lines 73--74
[][]  []
 []


Overfull \hbox (14.35762pt too wide) in paragraph at lines 83--84
[][]  []
 []

[14]
Overfull \hbox (14.35762pt too wide) in paragraph at lines 120--121
[][]  []
 []


Overfull \hbox (19.14348pt too wide) in paragraph at lines 124--129
 []  []
 []


Overfull \hbox (16.96811pt too wide) in paragraph at lines 131--136
 []  []
 []


Underfull \hbox (badness 10000) in paragraph at lines 164--164

 []

[15]
Overfull \hbox (14.35762pt too wide) in paragraph at lines 175--176
[][]  []
 []


Overfull \hbox (14.35762pt too wide) in paragraph at lines 188--189
[][]  []
 []


Overfull \hbox (14.35762pt too wide) in paragraph at lines 197--198
[][]  []
 []

[16]
Overfull \hbox (14.35762pt too wide) in paragraph at lines 212--213
[][]  []
 []


Underfull \hbox (badness 10000) in paragraph at lines 235--235

 []


Overfull \hbox (16.96811pt too wide) in paragraph at lines 215--236
 []  []
 []

[17]
Overfull \hbox (16.96811pt too wide) in paragraph at lines 238--252
 []  []
 []


Overfull \hbox (14.35762pt too wide) in paragraph at lines 262--263
[][]  []
 []

[18]
Overfull \hbox (16.96811pt too wide) in paragraph at lines 265--272
 []  []
 []


Overfull \hbox (19.14348pt too wide) in paragraph at lines 285--302
 []  []
 []

[19]
Underfull \hbox (badness 10000) in paragraph at lines 325--325

 []


Overfull \hbox (14.35762pt too wide) in paragraph at lines 325--326
[][]  []
 []


Overfull \hbox (16.96811pt too wide) in paragraph at lines 328--339
 []  []
 []

[20]
Overfull \hbox (14.35762pt too wide) in paragraph at lines 350--351
[][]  []
 []


Underfull \hbox (badness 10000) in paragraph at lines 366--366

 []


Overfull \hbox (14.35762pt too wide) in paragraph at lines 366--367
[][]  []
 []


Underfull \hbox (badness 1565) in paragraph at lines 378--378
\T1/cmr/bx/n/12 1 10-oz. pack of chopped frozen
 []


Overfull \hbox (16.96811pt too wide) in paragraph at lines 369--379
 []  []
 []

[21]
Overfull \hbox (14.35762pt too wide) in paragraph at lines 394--395
[][]  []
 []


Underfull \hbox (badness 10000) in paragraph at lines 412--412
\T1/cmr/bx/n/12 2 loaves of French bread (not
 []


Overfull \hbox (16.96811pt too wide) in paragraph at lines 401--413
 []  []
 []

[22]
Overfull \hbox (14.35762pt too wide) in paragraph at lines 424--425
[][]  []
 []


Underfull \hbox (badness 5460) in paragraph at lines 438--438
[]$$\T1/cmr/bx/n/12 /$$$[]$ cup packed, chopped cilantro
 []


Overfull \hbox (14.35762pt too wide) in paragraph at lines 438--439
[][]  []
 []


Overfull \hbox (16.96811pt too wide) in paragraph at lines 441--448
 []  []
 []

[23]
Overfull \hbox (14.35762pt too wide) in paragraph at lines 457--458
[][]  []
 []

)
Underfull \hbox (badness 10000) in paragraph at lines 470--160

 []

(MainMeals.tex [24]
Overfull \hbox (16.96811pt too wide) in paragraph at lines 6--21
 []  []
 []


Overfull \hbox (14.35762pt too wide) in paragraph at lines 31--32
[][]  []
 []


Overfull \hbox (14.35762pt too wide) in paragraph at lines 44--45
[][]  []
 []

[25

]
Underfull \hbox (badness 3058) in paragraph at lines 57--57
\T1/cmr/bx/n/12 4 green onions, white parts only
 []


Overfull \hbox (14.35762pt too wide) in paragraph at lines 57--58
[][]  []
 []


Overfull \hbox (16.96811pt too wide) in paragraph at lines 60--80
 []  []
 []

[26]
Overfull \hbox (16.96811pt too wide) in paragraph at lines 82--89
 []  []
 []


Overfull \hbox (16.96811pt too wide) in paragraph at lines 91--108
 []  []
 []

[27]
Overfull \hbox (16.96811pt too wide) in paragraph at lines 110--124
 []  []
 []


Overfull \hbox (16.96811pt too wide) in paragraph at lines 126--138
 []  []
 []


Overfull \hbox (16.96811pt too wide) in paragraph at lines 140--156
 []  []
 []

[28]
Overfull \hbox (14.35762pt too wide) in paragraph at lines 163--164
[][]  []
 []


Overfull \hbox (19.14348pt too wide) in paragraph at lines 167--177
 []  []
 []


Overfull \hbox (14.35762pt too wide) in paragraph at lines 189--190
[][]  []
 []

[29]
Overfull \hbox (14.35762pt too wide) in paragraph at lines 202--203
[][]  []
 []


Overfull \hbox (16.96811pt too wide) in paragraph at lines 205--214
 []  []
 []


Underfull \hbox (badness 10000) in paragraph at lines 236--236

 []


Overfull \hbox (14.35762pt too wide) in paragraph at lines 236--237
[][]  []
 []

[30]
Overfull \hbox (14.35762pt too wide) in paragraph at lines 246--247
[][]  []
 []


Overfull \hbox (14.35762pt too wide) in paragraph at lines 259--260
[][]  []
 []


Overfull \hbox (14.35762pt too wide) in paragraph at lines 271--272
[][]  []
 []

[31]
Overfull \hbox (14.35762pt too wide) in paragraph at lines 279--280
[][]  []
 []


Overfull \hbox (19.14348pt too wide) in paragraph at lines 287--298
 []  []
 []


Overfull \hbox (14.35762pt too wide) in paragraph at lines 309--310
[][]  []
 []

[32]
Underfull \hbox (badness 10000) in paragraph at lines 325--325

 []


Underfull \hbox (badness 10000) in paragraph at lines 325--325

 []


Overfull \hbox (14.35762pt too wide) in paragraph at lines 325--326
[][]  []
 []


Overfull \hbox (14.35762pt too wide) in paragraph at lines 337--338
[][]  []
 []


Underfull \hbox (badness 10000) in paragraph at lines 357--357

 []


Overfull \hbox (16.96811pt too wide) in paragraph at lines 340--358
 []  []
 []

[33]
Underfull \hbox (badness 2042) in paragraph at lines 370--370
[]$$\T1/cmr/bx/n/12 /$$$[]$ cup fresh or canned pineap-ple
 []


Overfull \hbox (14.35762pt too wide) in paragraph at lines 370--371
[][]  []
 []


Underfull \hbox (badness 10000) in paragraph at lines 384--384

 []


Overfull \hbox (14.35762pt too wide) in paragraph at lines 384--385
[][]  []
 []

[34]
Overfull \hbox (16.96811pt too wide) in paragraph at lines 387--397
 []  []
 []


Overfull \hbox (14.35762pt too wide) in paragraph at lines 406--407
[][]  []
 []


Overfull \hbox (16.96811pt too wide) in paragraph at lines 418--432
 []  []
 []

[35]
Overfull \hbox (14.35762pt too wide) in paragraph at lines 451--452
[][]  []
 []


Overfull \hbox (14.35762pt too wide) in paragraph at lines 467--468
[][]  []
 []


Overfull \hbox (14.35762pt too wide) in paragraph at lines 482--483
[][]  []
 []

[36]
Overfull \hbox (16.96811pt too wide) in paragraph at lines 485--493
 []  []
 []


Overfull \hbox (14.35762pt too wide) in paragraph at lines 504--505
[][]  []
 []


Overfull \hbox (14.35762pt too wide) in paragraph at lines 517--518
[][]  []
 []

[37]
Underfull \hbox (badness 10000) in paragraph at lines 541--541

 []


Overfull \hbox (16.96811pt too wide) in paragraph at lines 523--542
 []  []
 []


Overfull \hbox (16.96811pt too wide) in paragraph at lines 544--560
 []  []
 []

[38]
Overfull \hbox (16.96811pt too wide) in paragraph at lines 562--568
 []  []
 []


Overfull \hbox (14.35762pt too wide) in paragraph at lines 579--580
[][]  []
 []


Underfull \hbox (badness 2119) in paragraph at lines 594--594
[]\T1/cmr/bx/n/12 6 skin-less, bone-less chicken breast
 []


Overfull \hbox (19.14348pt too wide) in paragraph at lines 583--595
 []  []
 []

[39]
Overfull \hbox (14.35762pt too wide) in paragraph at lines 609--610
[][]  []
 []


Overfull \hbox (14.35762pt too wide) in paragraph at lines 623--624
[][]  []
 []

[40]
Underfull \hbox (badness 10000) in paragraph at lines 643--643

 []


Overfull \hbox (16.96811pt too wide) in paragraph at lines 626--644
 []  []
 []


Overfull \hbox (14.35762pt too wide) in paragraph at lines 659--660
[][]  []
 []

[41]
Underfull \hbox (badness 1571) in paragraph at lines 691--691
\T1/cmr/bx/n/12 1 bunch green onions, chopped &
 []


Underfull \hbox (badness 10000) in paragraph at lines 691--691

 []


Overfull \hbox (14.35762pt too wide) in paragraph at lines 691--692
[][]  []
 []

[42]
Overfull \hbox (14.35762pt too wide) in paragraph at lines 705--706
[][]  []
 []


Overfull \hbox (14.35762pt too wide) in paragraph at lines 719--720
[][]  []
 []

[43]
Overfull \hbox (16.96811pt too wide) in paragraph at lines 722--735
 []  []
 []


Underfull \hbox (badness 10000) in paragraph at lines 746--746
\T1/cmr/bx/n/12 chopped fresh pars-ley and fresh
 []


Overfull \hbox (14.35762pt too wide) in paragraph at lines 746--747
[][]  []
 []


Underfull \hbox (badness 10000) in paragraph at lines 762--762

 []


Overfull \hbox (14.35762pt too wide) in paragraph at lines 762--763
[][]  []
 []

[44]
Underfull \hbox (badness 6758) in paragraph at lines 773--773
[]\T1/cmr/bx/n/12 4 large bone-less chicken breasts,
 []


Overfull \hbox (16.96811pt too wide) in paragraph at lines 765--774
 []  []
 []


Overfull \hbox (14.35762pt too wide) in paragraph at lines 802--803
[][]  []
 []


Overfull \hbox (14.35762pt too wide) in paragraph at lines 812--813
[][]  []
 []

[45]
Overfull \hbox (16.96811pt too wide) in paragraph at lines 815--828
 []  []
 []


Overfull \hbox (14.35762pt too wide) in paragraph at lines 836--837
[][]  []
 []


Overfull \hbox (14.35762pt too wide) in paragraph at lines 852--853
[][]  []
 []

[46]
Overfull \hbox (19.14348pt too wide) in paragraph at lines 856--865
 []  []
 []


Overfull \hbox (14.35762pt too wide) in paragraph at lines 874--875
[][]  []
 []


Overfull \hbox (16.96811pt too wide) in paragraph at lines 883--890
 []  []
 []

[47]
Overfull \hbox (14.35762pt too wide) in paragraph at lines 904--905
[][]  []
 []


Overfull \hbox (14.35762pt too wide) in paragraph at lines 912--913
[][]  []
 []


Underfull \hbox (badness 1221) in paragraph at lines 922--922
\T1/cmr/bx/n/12 1 []$$/$$$[]$ cups flaked salmon, fresh or
 []


Overfull \hbox (14.35762pt too wide) in paragraph at lines 922--923
[][]  []
 []


Underfull \hbox (badness 10000) in paragraph at lines 944--944

 []


Overfull \hbox (14.35762pt too wide) in paragraph at lines 944--945
[][]  []
 []

[48]
Overfull \hbox (14.35762pt too wide) in paragraph at lines 961--962
[][]  []
 []


Overfull \hbox (14.35762pt too wide) in paragraph at lines 972--973
[][]  []
 []

[49]
Overfull \hbox (14.35762pt too wide) in paragraph at lines 984--985
[][]  []
 []


Underfull \hbox (badness 1303) in paragraph at lines 998--998
[]\T1/cmr/bx/n/12 1 whole salmon fil-let, about 1 []$$/$$$[]$
 []


Overfull \hbox (14.35762pt too wide) in paragraph at lines 998--999
[][]  []
 []

(Pasta.tex
Underfull \hbox (badness 10000) in paragraph at lines 24--24

 []


Overfull \hbox (16.96811pt too wide) in paragraph at lines 4--25
 []  []
 []

[50]
Overfull \hbox (14.35762pt too wide) in paragraph at lines 35--36
[][]  []
 []


Overfull \hbox (16.96811pt too wide) in paragraph at lines 38--47
 []  []
 []

[51]
Overfull \hbox (14.35762pt too wide) in paragraph at lines 55--56
[][]  []
 []


Overfull \hbox (14.35762pt too wide) in paragraph at lines 62--63
[][]  []
 []


Overfull \hbox (14.35762pt too wide) in paragraph at lines 72--73
[][]  []
 []


Overfull \hbox (14.35762pt too wide) in paragraph at lines 82--83
[][]  []
 []


Overfull \hbox (16.96811pt too wide) in paragraph at lines 99--110
 []  []
 []

[52]
Overfull \hbox (16.96811pt too wide) in paragraph at lines 136--150
 []  []
 []


Overfull \hbox (14.35762pt too wide) in paragraph at lines 158--159
[][]  []
 []


Overfull \hbox (19.14348pt too wide) in paragraph at lines 162--178
 []  []
 []

[53]
Overfull \hbox (16.96811pt too wide) in paragraph at lines 181--199
 []  []
 []


Overfull \hbox (14.35762pt too wide) in paragraph at lines 212--213
[][]  []
 []

[54]
Overfull \hbox (14.35762pt too wide) in paragraph at lines 223--224
[][]  []
 []


Overfull \hbox (19.14348pt too wide) in paragraph at lines 226--238
 []  []
 []


Underfull \hbox (badness 10000) in paragraph at lines 249--249

 []


Overfull \hbox (14.35762pt too wide) in paragraph at lines 249--250
[][]  []
 []

[55]
Overfull \hbox (14.35762pt too wide) in paragraph at lines 265--266
[][]  []
 []


Overfull \hbox (16.96811pt too wide) in paragraph at lines 288--303
 []  []
 []

[56]
Overfull \hbox (16.96811pt too wide) in paragraph at lines 305--319
 []  []
 []

) [57] [58

]
Overfull \hbox (14.35762pt too wide) in paragraph at lines 1015--1016
[][]  []
 []


Underfull \hbox (badness 10000) in paragraph at lines 1028--1028

 []


Overfull \hbox (14.35762pt too wide) in paragraph at lines 1028--1029
[][]  []
 []


Overfull \hbox (14.35762pt too wide) in paragraph at lines 1037--1038
[][]  []
 []

[59]
Overfull \hbox (14.35762pt too wide) in paragraph at lines 1045--1046
[][]  []
 []


Underfull \hbox (badness 3148) in paragraph at lines 1058--1058
[]$$\T1/cmr/bx/n/12 /$$$[]$ cup packed fresh basil leaves,
 []


Overfull \hbox (14.35762pt too wide) in paragraph at lines 1058--1059
[][]  []
 []


Overfull \hbox (14.35762pt too wide) in paragraph at lines 1067--1068
[][]  []
 []


Overfull \hbox (16.96811pt too wide) in paragraph at lines 1070--1078
 []  []
 []

[60]
Overfull \hbox (14.35762pt too wide) in paragraph at lines 1086--1087
[][]  []
 []


Overfull \hbox (14.35762pt too wide) in paragraph at lines 1094--1095
[][]  []
 []


Overfull \hbox (16.96811pt too wide) in paragraph at lines 1097--1105
 []  []
 []

[61]
Overfull \hbox (14.35762pt too wide) in paragraph at lines 1118--1119
[][]  []
 []


Overfull \hbox (14.35762pt too wide) in paragraph at lines 1131--1132
[][]  []
 []


Overfull \hbox (14.35762pt too wide) in paragraph at lines 1142--1143
[][]  []
 []

[62]
Overfull \hbox (14.35762pt too wide) in paragraph at lines 1152--1153
[][]  []
 []


Overfull \hbox (14.35762pt too wide) in paragraph at lines 1164--1165
[][]  []
 []


Overfull \hbox (14.35762pt too wide) in paragraph at lines 1170--1171
[][]  []
 []


Overfull \hbox (14.35762pt too wide) in paragraph at lines 1180--1181
[][]  []
 []

[63]
Overfull \hbox (14.35762pt too wide) in paragraph at lines 1194--1195
[][]  []
 []


Overfull \hbox (14.35762pt too wide) in paragraph at lines 1205--1206
[][]  []
 []


Overfull \hbox (14.35762pt too wide) in paragraph at lines 1216--1217
[][]  []
 []

[64]
Overfull \hbox (14.35762pt too wide) in paragraph at lines 1225--1226
[][]  []
 []


Overfull \hbox (14.35762pt too wide) in paragraph at lines 1235--1236
[][]  []
 []


Overfull \hbox (16.96811pt too wide) in paragraph at lines 1252--1262
 []  []
 []

[65] [66

]
Overfull \hbox (14.35762pt too wide) in paragraph at lines 1275--1276
[][]  []
 []


Overfull \hbox (14.35762pt too wide) in paragraph at lines 1286--1287
[][]  []
 []


Overfull \hbox (19.14348pt too wide) in paragraph at lines 1289--1298
 []  []
 []


Overfull \hbox (14.35762pt too wide) in paragraph at lines 1324--1325
[][]  []
 []

[67]
Overfull \hbox (16.96811pt too wide) in paragraph at lines 1327--1338
 []  []
 []


Overfull \hbox (16.96811pt too wide) in paragraph at lines 1347--1356
 []  []
 []


Overfull \hbox (19.14348pt too wide) in paragraph at lines 1358--1370
 []  []
 []

[68]
Overfull \hbox (14.35762pt too wide) in paragraph at lines 1374--1375
[][]  []
 []


Overfull \hbox (16.96811pt too wide) in paragraph at lines 1387--1398
 []  []
 []

[69]
Overfull \hbox (16.96811pt too wide) in paragraph at lines 1401--1407
 []  []
 []


Overfull \hbox (16.96811pt too wide) in paragraph at lines 1409--1418
 []  []
 []

)
Underfull \hbox (badness 10000) in paragraph at lines 1408--162

 []

(Marinades.tex [70]
Overfull \hbox (14.35762pt too wide) in paragraph at lines 13--14
[][]  []
 []


Overfull \hbox (14.35762pt too wide) in paragraph at lines 23--24
[][]  []
 []

[71

]
Overfull \hbox (14.35762pt too wide) in paragraph at lines 48--49
[][]  []
 []


Overfull \hbox (14.35762pt too wide) in paragraph at lines 79--80
[][]  []
 []


Overfull \hbox (16.96811pt too wide) in paragraph at lines 82--90
 []  []
 []

[72]
Overfull \hbox (14.35762pt too wide) in paragraph at lines 106--107
[][]  []
 []


Overfull \hbox (14.35762pt too wide) in paragraph at lines 113--114
[][]  []
 []

)
Underfull \hbox (badness 10000) in paragraph at lines 108--164

 []

(SoupSaladSandwich.tex [73] [74

] (Soups.tex
Overfull \hbox (16.96811pt too wide) in paragraph at lines 18--33
 []  []
 []


Underfull \hbox (badness 10000) in paragraph at lines 57--57

 []


Overfull \hbox (14.35762pt too wide) in paragraph at lines 57--58
[][]  []
 []

[75]
Underfull \hbox (badness 10000) in paragraph at lines 71--71

 []


Overfull \hbox (14.35762pt too wide) in paragraph at lines 71--72
[][]  []
 []


Overfull \hbox (19.14348pt too wide) in paragraph at lines 74--87
 []  []
 []


Underfull \hbox (badness 1189) in paragraph at lines 101--101
\T1/cmr/bx/n/12 1 lb. fresh mush-rooms, sliced or
 []


Underfull \hbox (badness 10000) in paragraph at lines 101--101

 []


Overfull \hbox (14.35762pt too wide) in paragraph at lines 101--102
[][]  []
 []

[76]
Underfull \hbox (badness 2547) in paragraph at lines 112--112
\T1/cmr/bx/n/12 300 gram frozen chopped spinach,
 []


Overfull \hbox (14.35762pt too wide) in paragraph at lines 112--113
[][]  []
 []


Overfull \hbox (14.35762pt too wide) in paragraph at lines 122--123
[][]  []
 []


Underfull \hbox (badness 10000) in paragraph at lines 136--136

 []


Overfull \hbox (14.35762pt too wide) in paragraph at lines 136--137
[][]  []
 []

[77]
Overfull \hbox (14.35762pt too wide) in paragraph at lines 148--149
[][]  []
 []


Overfull \hbox (14.35762pt too wide) in paragraph at lines 159--160
[][]  []
 []


Overfull \hbox (19.14348pt too wide) in paragraph at lines 162--172
 []  []
 []

[78]
Underfull \hbox (badness 10000) in paragraph at lines 186--186

 []


Overfull \hbox (14.35762pt too wide) in paragraph at lines 186--187
[][]  []
 []


Overfull \hbox (14.35762pt too wide) in paragraph at lines 197--198
[][]  []
 []


Overfull \hbox (14.35762pt too wide) in paragraph at lines 207--208
[][]  []
 []

[79]
Overfull \hbox (14.35762pt too wide) in paragraph at lines 222--223
[][]  []
 []


Overfull \hbox (14.35762pt too wide) in paragraph at lines 252--253
[][]  []
 []

[80]
Overfull \hbox (14.35762pt too wide) in paragraph at lines 265--266
[][]  []
 []


Overfull \hbox (14.35762pt too wide) in paragraph at lines 275--276
[][]  []
 []

[81]
Overfull \hbox (14.35762pt too wide) in paragraph at lines 328--329
[][]  []
 []


Overfull \hbox (16.96811pt too wide) in paragraph at lines 332--346
 []  []
 []

[82]
Overfull \hbox (16.96811pt too wide) in paragraph at lines 348--363
 []  []
 []


Overfull \hbox (14.35762pt too wide) in paragraph at lines 390--391
[][]  []
 []


Overfull \hbox (16.96811pt too wide) in paragraph at lines 393--404
 []  []
 []

[83]
Overfull \hbox (14.35762pt too wide) in paragraph at lines 415--416
[][]  []
 []

)
Underfull \hbox (badness 10000) in paragraph at lines 405--4

 []

(Salads.tex
Overfull \hbox (16.96811pt too wide) in paragraph at lines 4--15
 []  []
 []


Overfull \hbox (14.35762pt too wide) in paragraph at lines 23--24
[][]  []
 []

[84]
Underfull \hbox (badness 10000) in paragraph at lines 48--48

 []


Overfull \hbox (16.96811pt too wide) in paragraph at lines 38--49
 []  []
 []


Underfull \hbox (badness 10000) in paragraph at lines 82--82

 []


Overfull \hbox (14.35762pt too wide) in paragraph at lines 82--83
[][]  []
 []

[85]
Overfull \hbox (16.96811pt too wide) in paragraph at lines 85--101
 []  []
 []


Underfull \hbox (badness 2913) in paragraph at lines 112--112
\T1/cmr/bx/n/12 10 oz baby spinach leaves, finely
 []


Overfull \hbox (14.35762pt too wide) in paragraph at lines 112--113
[][]  []
 []

[86]
Overfull \hbox (14.35762pt too wide) in paragraph at lines 134--135
[][]  []
 []

[87]
Underfull \hbox (badness 10000) in paragraph at lines 162--162

 []


Overfull \hbox (14.35762pt too wide) in paragraph at lines 162--163
[][]  []
 []


Overfull \hbox (19.14348pt too wide) in paragraph at lines 165--178
 []  []
 []


Underfull \hbox (badness 10000) in paragraph at lines 191--191

 []

[88]
Overfull \hbox (14.35762pt too wide) in paragraph at lines 207--208
[][]  []
 []


Underfull \hbox (badness 10000) in paragraph at lines 227--227

 []


Underfull \hbox (badness 10000) in paragraph at lines 227--227

 []


Overfull \hbox (16.96811pt too wide) in paragraph at lines 210--228
 []  []
 []

[89]
Underfull \hbox (badness 10000) in paragraph at lines 230--239

 []


Overfull \hbox (16.96811pt too wide) in paragraph at lines 230--239
 []  []
 []


Overfull \hbox (16.96811pt too wide) in paragraph at lines 241--255
 []  []
 []

[90]
Underfull \hbox (badness 10000) in paragraph at lines 271--271

 []


Overfull \hbox (16.96811pt too wide) in paragraph at lines 257--272
 []  []
 []


Overfull \hbox (16.96811pt too wide) in paragraph at lines 274--281
 []  []
 []


Underfull \hbox (badness 2452) in paragraph at lines 293--293
\T1/cmr/bx/n/12 2 red de-li-cious ap-ples, cored and
 []


Underfull \hbox (badness 1577) in paragraph at lines 293--293
\T1/cmr/bx/n/12 1 Granny Smith ap-ple, cored and
 []

[91]
Overfull \hbox (16.96811pt too wide) in paragraph at lines 296--304
 []  []
 []


Overfull \hbox (14.35762pt too wide) in paragraph at lines 313--314
[][]  []
 []


Underfull \hbox (badness 10000) in paragraph at lines 324--324

 []

[92]
Underfull \hbox (badness 10000) in paragraph at lines 341--341

 []


Overfull \hbox (14.35762pt too wide) in paragraph at lines 341--342
[][]  []
 []


Underfull \hbox (badness 10000) in paragraph at lines 356--356

 []


Overfull \hbox (14.35762pt too wide) in paragraph at lines 356--357
[][]  []
 []

[93]
Overfull \hbox (14.35762pt too wide) in paragraph at lines 364--365
[][]  []
 []


Underfull \hbox (badness 10000) in paragraph at lines 390--390

 []


Overfull \hbox (16.96811pt too wide) in paragraph at lines 376--391
 []  []
 []

[94]
Underfull \hbox (badness 10000) in paragraph at lines 409--409

 []


Underfull \hbox (badness 10000) in paragraph at lines 439--439

 []


Underfull \hbox (badness 10000) in paragraph at lines 439--439

 []


Overfull \hbox (14.35762pt too wide) in paragraph at lines 439--440
[][]  []
 []

[95]
Underfull \hbox (badness 10000) in paragraph at lines 475--475

 []


Overfull \hbox (16.96811pt too wide) in paragraph at lines 463--476
 []  []
 []

[96])
Underfull \hbox (badness 10000) in paragraph at lines 518--6

 []

(Sandwiches.tex [97]
Underfull \hbox (badness 1038) in paragraph at lines 17--17
\T1/cmr/bx/n/12 1 cup diced cu-cum-ber, peeled and
 []


Overfull \hbox (14.35762pt too wide) in paragraph at lines 30--31
[][]  []
 []

[98]
Overfull \hbox (14.35762pt too wide) in paragraph at lines 47--48
[][]  []
 []


Overfull \hbox (14.35762pt too wide) in paragraph at lines 55--56
[][]  []
 []

)
Underfull \hbox (badness 10000) in paragraph at lines 49--8

 []

) (Breads.tex [99] [100

]
Overfull \hbox (19.14348pt too wide) in paragraph at lines 7--15
 []  []
 []


Overfull \hbox (16.96811pt too wide) in paragraph at lines 25--33
 []  []
 []

[101]
Overfull \hbox (16.96811pt too wide) in paragraph at lines 46--58
 []  []
 []


Overfull \hbox (16.96811pt too wide) in paragraph at lines 61--68
 []  []
 []

[102]
Overfull \hbox (14.35762pt too wide) in paragraph at lines 84--85
[][]  []
 []


Overfull \hbox (16.96811pt too wide) in paragraph at lines 88--94
 []  []
 []


Overfull \hbox (14.35762pt too wide) in paragraph at lines 100--101
[][]  []
 []

[103]
Overfull \hbox (14.35762pt too wide) in paragraph at lines 115--116
[][]  []
 []


Overfull \hbox (16.96811pt too wide) in paragraph at lines 118--129
 []  []
 []


Overfull \hbox (14.35762pt too wide) in paragraph at lines 148--149
[][]  []
 []

[104]
Overfull \hbox (16.96811pt too wide) in paragraph at lines 151--160
 []  []
 []


Overfull \hbox (16.96811pt too wide) in paragraph at lines 162--171
 []  []
 []

[105]
Overfull \hbox (19.14348pt too wide) in paragraph at lines 173--184
 []  []
 []


Overfull \hbox (14.35762pt too wide) in paragraph at lines 195--196
[][]  []
 []


Overfull \hbox (14.35762pt too wide) in paragraph at lines 200--201
[][]  []
 []

[106pdfTeX warning (ext4): destination with the same identifier (name{sweetdoughlink}) has been already used, duplicate 
ignored

\AtBegShi@Output ...ipout \box \AtBeginShipoutBox 
                                                  \fi \fi 
l.205 ...minipage}\par\begin{minipage}{\linewidth}
                                                  \rtitle{CINNAMON ROLLS} \i...]
Underfull \hbox (badness 10000) in paragraph at lines 244--244

 []


Underfull \hbox (badness 10000) in paragraph at lines 244--244

 []


Overfull \hbox (14.35762pt too wide) in paragraph at lines 244--245
[][]  []
 []

[107]
Overfull \hbox (19.14348pt too wide) in paragraph at lines 252--259
 []  []
 []


Overfull \hbox (14.35762pt too wide) in paragraph at lines 280--281
[][]  []
 []


Overfull \hbox (14.35762pt too wide) in paragraph at lines 289--290
[][]  []
 []

[108]
Overfull \hbox (16.96811pt too wide) in paragraph at lines 293--300
 []  []
 []


Underfull \hbox (badness 10000) in paragraph at lines 316--316

 []


Overfull \hbox (16.96811pt too wide) in paragraph at lines 302--317
 []  []
 []


Overfull \hbox (14.35762pt too wide) in paragraph at lines 324--325
[][]  []
 []

[109]
Overfull \hbox (16.96811pt too wide) in paragraph at lines 327--338
 []  []
 []


Overfull \hbox (14.35762pt too wide) in paragraph at lines 353--354
[][]  []
 []


Overfull \hbox (14.35762pt too wide) in paragraph at lines 365--366
[][]  []
 []

[110]
Overfull \hbox (16.96811pt too wide) in paragraph at lines 369--384
 []  []
 []


Overfull \hbox (14.35762pt too wide) in paragraph at lines 396--397
[][]  []
 []


Underfull \hbox (badness 1867) in paragraph at lines 414--414
[]$$\T1/cmr/bx/n/12 /$$$[]$ cup unsweet-ened ap-ple-sauce or
 []


Overfull \hbox (14.35762pt too wide) in paragraph at lines 414--415
[][]  []
 []

[111]
Overfull \hbox (16.96811pt too wide) in paragraph at lines 417--429
 []  []
 []


Overfull \hbox (16.96811pt too wide) in paragraph at lines 431--445
 []  []
 []

[112]
Overfull \hbox (14.35762pt too wide) in paragraph at lines 459--460
[][]  []
 []


Overfull \hbox (14.35762pt too wide) in paragraph at lines 477--478
[][]  []
 []

[113]
Underfull \hbox (badness 10000) in paragraph at lines 498--498

 []


Overfull \hbox (19.14348pt too wide) in paragraph at lines 480--499
 []  []
 []


Underfull \hbox (badness 10000) in paragraph at lines 515--515

 []


Overfull \hbox (14.35762pt too wide) in paragraph at lines 515--516
[][]  []
 []

[114]
Overfull \hbox (14.35762pt too wide) in paragraph at lines 530--531
[][]  []
 []


Overfull \hbox (14.35762pt too wide) in paragraph at lines 543--544
[][]  []
 []


Overfull \hbox (14.35762pt too wide) in paragraph at lines 554--555
[][]  []
 []

[115]
Overfull \hbox (14.35762pt too wide) in paragraph at lines 563--564
[][]  []
 []


Overfull \hbox (16.96811pt too wide) in paragraph at lines 566--573
 []  []
 []


Overfull \hbox (14.35762pt too wide) in paragraph at lines 580--581
[][]  []
 []

[116]
Overfull \hbox (19.14348pt too wide) in paragraph at lines 584--593
 []  []
 []


Overfull \hbox (14.35762pt too wide) in paragraph at lines 600--601
[][]  []
 []


Overfull \hbox (14.35762pt too wide) in paragraph at lines 606--607
[][]  []
 []


Overfull \hbox (14.35762pt too wide) in paragraph at lines 614--615
[][]  []
 []

)
Underfull \hbox (badness 10000) in paragraph at lines 608--168

 []

(Desserts.tex [117] [118] (Cakes.tex
Overfull \hbox (16.96811pt too wide) in paragraph at lines 4--16
 []  []
 []


Underfull \hbox (badness 4181) in paragraph at lines 26--26
[]\T1/cmr/bx/n/12 One baked choco-late cake (ei-ther
 []


Underfull \hbox (badness 10000) in paragraph at lines 26--26

 []


Overfull \hbox (14.35762pt too wide) in paragraph at lines 26--27
[][]  []
 []


Underfull \hbox (badness 10000) in paragraph at lines 40--40

 []


Overfull \hbox (14.35762pt too wide) in paragraph at lines 40--41
[][]  []
 []

[119

]
Underfull \hbox (badness 10000) in paragraph at lines 57--57

 []


Overfull \hbox (14.35762pt too wide) in paragraph at lines 57--58
[][]  []
 []


Overfull \hbox (14.35762pt too wide) in paragraph at lines 79--80
[][]  []
 []

[120]
Overfull \hbox (14.35762pt too wide) in paragraph at lines 91--92
[][]  []
 []


Overfull \hbox (14.35762pt too wide) in paragraph at lines 100--101
[][]  []
 []

[121]
Overfull \hbox (19.14348pt too wide) in paragraph at lines 103--108
 []  []
 []


Underfull \hbox (badness 10000) in paragraph at lines 125--125

 []


Overfull \hbox (14.35762pt too wide) in paragraph at lines 125--126
[][]  []
 []

[122]
Underfull \hbox (badness 10000) in paragraph at lines 140--140

 []


Overfull \hbox (14.35762pt too wide) in paragraph at lines 140--141
[][]  []
 []


Underfull \hbox (badness 10000) in paragraph at lines 160--160

 []


Underfull \hbox (badness 10000) in paragraph at lines 160--160

 []


Overfull \hbox (14.35762pt too wide) in paragraph at lines 160--161
[][]  []
 []

[123]
Underfull \hbox (badness 1024) in paragraph at lines 177--177
[]\T1/cmr/bx/n/12 3 cups ground wal-nuts or skinned,
 []


Underfull \hbox (badness 3078) in paragraph at lines 177--177
\T1/cmr/bx/n/12 toasted hazel nuts, lightly packed
 []


Overfull \hbox (14.35762pt too wide) in paragraph at lines 177--178
[][]  []
 []

[124]
Overfull \hbox (14.35762pt too wide) in paragraph at lines 188--189
[][]  []
 []

[125]
Underfull \hbox (badness 10000) in paragraph at lines 203--203

 []


Overfull \hbox (16.96811pt too wide) in paragraph at lines 192--204
 []  []
 []


Underfull \hbox (badness 10000) in paragraph at lines 228--228

 []


Underfull \hbox (badness 10000) in paragraph at lines 228--228

 []


Overfull \hbox (19.14348pt too wide) in paragraph at lines 206--229
 []  []
 []

[126]
Underfull \hbox (badness 1117) in paragraph at lines 249--249
\T1/cmr/bx/n/12 4 x 4 oz bit-ter-sweet or semisweet
 []


Overfull \hbox (16.96811pt too wide) in paragraph at lines 232--250
 []  []
 []

[127]
Overfull \hbox (16.96811pt too wide) in paragraph at lines 252--265
 []  []
 []


Overfull \hbox (16.96681pt too wide) in paragraph at lines 267--274
 []  []
 []

[128]
Overfull \hbox (14.35762pt too wide) in paragraph at lines 287--288
[][]  []
 []


Overfull \hbox (16.96811pt too wide) in paragraph at lines 290--300
 []  []
 []


Overfull \hbox (14.35762pt too wide) in paragraph at lines 313--314
[][]  []
 []

[129]
Overfull \hbox (14.35762pt too wide) in paragraph at lines 321--322
[][]  []
 []


Overfull \hbox (19.14348pt too wide) in paragraph at lines 325--335
 []  []
 []


Underfull \hbox (badness 10000) in paragraph at lines 361--361

 []


Underfull \hbox (badness 10000) in paragraph at lines 361--361

 []


Overfull \hbox (19.14348pt too wide) in paragraph at lines 337--362
 []  []
 []

[130]
Overfull \hbox (14.35762pt too wide) in paragraph at lines 370--371
[][]  []
 []

[131]
Overfull \hbox (14.35762pt too wide) in paragraph at lines 386--387
[][]  []
 []


Overfull \hbox (14.35762pt too wide) in paragraph at lines 401--402
[][]  []
 []


Underfull \hbox (badness 10000) in paragraph at lines 418--418

 []


Overfull \hbox (14.35762pt too wide) in paragraph at lines 418--419
[][]  []
 []

[132]
Overfull \hbox (16.96811pt too wide) in paragraph at lines 421--434
 []  []
 []


Underfull \hbox (badness 10000) in paragraph at lines 449--449

 []


Overfull \hbox (14.35762pt too wide) in paragraph at lines 449--450
[][]  []
 []

[133]
Underfull \hbox (badness 10000) in paragraph at lines 463--463

 []


Overfull \hbox (14.35762pt too wide) in paragraph at lines 463--464
[][]  []
 []


Overfull \hbox (14.35762pt too wide) in paragraph at lines 473--474
[][]  []
 []


Underfull \hbox (badness 10000) in paragraph at lines 481--481

 []

[134]
Overfull \hbox (16.96811pt too wide) in paragraph at lines 484--491
 []  []
 []


Overfull \hbox (14.35762pt too wide) in paragraph at lines 503--504
[][]  []
 []


Overfull \hbox (16.96811pt too wide) in paragraph at lines 506--516
 []  []
 []


Underfull \hbox (badness 1082) in paragraph at lines 541--541
\T1/cmr/bx/n/12 1 []$$/$$$[]$ cups finely crushed choco-late
 []


Underfull \hbox (badness 10000) in paragraph at lines 541--541

 []


Underfull \hbox (badness 10000) in paragraph at lines 541--541

 []


Overfull \hbox (16.96811pt too wide) in paragraph at lines 521--542
 []  []
 []

[135]
Underfull \hbox (badness 10000) in paragraph at lines 563--563

 []


Overfull \hbox (14.35762pt too wide) in paragraph at lines 563--564
[][]  []
 []

[136]
Underfull \hbox (badness 4391) in paragraph at lines 576--576
[]\T1/cmr/bx/n/12 20 crme-filled choco-late sand-wich
 []


Underfull \hbox (badness 1454) in paragraph at lines 576--576
\T1/cmr/bx/n/12 1 pkg frozen rasp-ber-ries in syrup,
 []


Overfull \hbox (19.14348pt too wide) in paragraph at lines 566--577
 []  []
 []

[137]
Underfull \hbox (badness 10000) in paragraph at lines 602--602

 []


Underfull \hbox (badness 10000) in paragraph at lines 602--602

 []


Overfull \hbox (14.35762pt too wide) in paragraph at lines 602--603
[][]  []
 []

)
Underfull \hbox (badness 10000) in paragraph at lines 578--4

 []

(Pies.tex [138]
Overfull \hbox (14.35762pt too wide) in paragraph at lines 11--12
[][]  []
 []

[139]
Overfull \hbox (14.35762pt too wide) in paragraph at lines 23--24
[][]  []
 []


Overfull \hbox (14.35762pt too wide) in paragraph at lines 36--37
[][]  []
 []


Overfull \hbox (14.35762pt too wide) in paragraph at lines 47--48
[][]  []
 []

[140]
Overfull \hbox (14.35762pt too wide) in paragraph at lines 58--59
[][]  []
 []


Underfull \hbox (badness 10000) in paragraph at lines 79--79

 []


Underfull \hbox (badness 10000) in paragraph at lines 79--79

 []


Underfull \hbox (badness 10000) in paragraph at lines 79--79

 []


Overfull \hbox (16.96811pt too wide) in paragraph at lines 61--80
 []  []
 []


Overfull \hbox (16.96811pt too wide) in paragraph at lines 82--91
 []  []
 []

[141]
Overfull \hbox (14.35762pt too wide) in paragraph at lines 101--102
[][]  []
 []


Underfull \hbox (badness 10000) in paragraph at lines 118--118

 []


Overfull \hbox (14.35762pt too wide) in paragraph at lines 118--119
[][]  []
 []


Overfull \hbox (14.35762pt too wide) in paragraph at lines 126--127
[][]  []
 []

[142]
Overfull \hbox (16.96811pt too wide) in paragraph at lines 130--139
 []  []
 []


Overfull \hbox (14.35762pt too wide) in paragraph at lines 149--150
[][]  []
 []


Underfull \hbox (badness 10000) in paragraph at lines 161--161

 []


Overfull \hbox (16.96811pt too wide) in paragraph at lines 152--162
 []  []
 []

[143]
Overfull \hbox (14.35762pt too wide) in paragraph at lines 177--178
[][]  []
 []


Overfull \hbox (14.35762pt too wide) in paragraph at lines 188--189
[][]  []
 []


Overfull \hbox (16.96811pt too wide) in paragraph at lines 192--196
 []  []
 []

[144]
Overfull \hbox (16.96811pt too wide) in paragraph at lines 198--210
 []  []
 []


Overfull \hbox (14.35762pt too wide) in paragraph at lines 215--216
[][]  []
 []


Overfull \hbox (14.35762pt too wide) in paragraph at lines 226--227
[][]  []
 []


Overfull \hbox (16.96811pt too wide) in paragraph at lines 229--237
 []  []
 []

)
Underfull \hbox (badness 10000) in paragraph at lines 228--6

 []

(Squares.tex [145]
Underfull \hbox (badness 10000) in paragraph at lines 18--18

 []


Overfull \hbox (14.35762pt too wide) in paragraph at lines 18--19
[][]  []
 []


Overfull \hbox (14.35762pt too wide) in paragraph at lines 32--33
[][]  []
 []

[146]
Underfull \hbox (badness 10000) in paragraph at lines 62--62

 []


Overfull \hbox (16.96811pt too wide) in paragraph at lines 48--63
 []  []
 []


Overfull \hbox (16.96811pt too wide) in paragraph at lines 65--75
 []  []
 []

[147]
Underfull \hbox (badness 10000) in paragraph at lines 90--90

 []


Overfull \hbox (14.35762pt too wide) in paragraph at lines 90--91
[][]  []
 []


Overfull \hbox (16.96811pt too wide) in paragraph at lines 93--104
 []  []
 []


Overfull \hbox (14.35762pt too wide) in paragraph at lines 111--112
[][]  []
 []

[148]
Underfull \hbox (badness 10000) in paragraph at lines 124--124

 []


Overfull \hbox (16.96811pt too wide) in paragraph at lines 114--125
 []  []
 []


Overfull \hbox (16.96811pt too wide) in paragraph at lines 127--136
 []  []
 []


Overfull \hbox (16.96811pt too wide) in paragraph at lines 138--145
 []  []
 []

[149]
Overfull \hbox (16.96811pt too wide) in paragraph at lines 147--157
 []  []
 []


Underfull \hbox (badness 10000) in paragraph at lines 172--172

 []


Underfull \hbox (badness 10000) in paragraph at lines 172--172

 []


Underfull \hbox (badness 10000) in paragraph at lines 172--172

 []


Overfull \hbox (14.35762pt too wide) in paragraph at lines 172--173
[][]  []
 []


Underfull \hbox (badness 2846) in paragraph at lines 191--191
\T1/cmr/bx/n/12 2 cups gra-ham wafer crumbs (26
 []


Underfull \hbox (badness 10000) in paragraph at lines 191--191

 []


Overfull \hbox (14.35762pt too wide) in paragraph at lines 191--192
[][]  []
 []

[150]
Underfull \hbox (badness 10000) in paragraph at lines 207--207

 []


Underfull \hbox (badness 10000) in paragraph at lines 207--207

 []


Overfull \hbox (14.35762pt too wide) in paragraph at lines 207--208
[][]  []
 []


Underfull \hbox (badness 10000) in paragraph at lines 223--223

 []


Overfull \hbox (19.14348pt too wide) in paragraph at lines 211--224
 []  []
 []

[151]
Overfull \hbox (19.14348pt too wide) in paragraph at lines 226--235
 []  []
 []


Underfull \hbox (badness 10000) in paragraph at lines 252--252

 []


Overfull \hbox (16.96811pt too wide) in paragraph at lines 237--253
 []  []
 []


Overfull \hbox (16.96811pt too wide) in paragraph at lines 255--266
 []  []
 []

[152]
Overfull \hbox (14.35762pt too wide) in paragraph at lines 277--278
[][]  []
 []


Overfull \hbox (16.96811pt too wide) in paragraph at lines 280--288
 []  []
 []


Overfull \hbox (14.35762pt too wide) in paragraph at lines 301--302
[][]  []
 []

[153]
Underfull \hbox (badness 10000) in paragraph at lines 321--321

 []


Overfull \hbox (16.96811pt too wide) in paragraph at lines 304--322
 []  []
 []


Overfull \hbox (14.35762pt too wide) in paragraph at lines 330--331
[][]  []
 []


Overfull \hbox (14.35762pt too wide) in paragraph at lines 338--339
[][]  []
 []

[154]
Overfull \hbox (14.35762pt too wide) in paragraph at lines 344--345
[][]  []
 []


Overfull \hbox (14.35762pt too wide) in paragraph at lines 354--355
[][]  []
 []

)
Underfull \hbox (badness 10000) in paragraph at lines 346--8

 []

(Cookies.tex
Overfull \hbox (16.96811pt too wide) in paragraph at lines 4--10
 []  []
 []


Overfull \hbox (14.35762pt too wide) in paragraph at lines 15--16
[][]  []
 []


Overfull \hbox (14.35762pt too wide) in paragraph at lines 28--29
[][]  []
 []

[155]
Overfull \hbox (14.35762pt too wide) in paragraph at lines 42--43
[][]  []
 []


Overfull \hbox (16.96811pt too wide) in paragraph at lines 45--50
 []  []
 []


Overfull \hbox (16.96811pt too wide) in paragraph at lines 52--58
 []  []
 []

[156]
Overfull \hbox (14.35762pt too wide) in paragraph at lines 69--70
[][]  []
 []


Overfull \hbox (16.96811pt too wide) in paragraph at lines 72--82
 []  []
 []


Overfull \hbox (14.35762pt too wide) in paragraph at lines 90--91
[][]  []
 []


Underfull \hbox (badness 10000) in paragraph at lines 109--109

 []


Overfull \hbox (16.96811pt too wide) in paragraph at lines 93--110
 []  []
 []

[157]
Underfull \hbox (badness 10000) in paragraph at lines 126--126

 []


Overfull \hbox (16.96811pt too wide) in paragraph at lines 112--127
 []  []
 []


Overfull \hbox (16.96811pt too wide) in paragraph at lines 130--139
 []  []
 []

[158]
Overfull \hbox (16.96811pt too wide) in paragraph at lines 141--150
 []  []
 []


Underfull \hbox (badness 10000) in paragraph at lines 168--168

 []


Overfull \hbox (14.35762pt too wide) in paragraph at lines 168--169
[][]  []
 []


Overfull \hbox (19.14348pt too wide) in paragraph at lines 172--181
 []  []
 []

[159]
Overfull \hbox (16.96811pt too wide) in paragraph at lines 183--195
 []  []
 []


Overfull \hbox (19.14348pt too wide) in paragraph at lines 197--210
 []  []
 []


Overfull \hbox (14.35762pt too wide) in paragraph at lines 221--222
[][]  []
 []

[160]
Overfull \hbox (14.35762pt too wide) in paragraph at lines 232--233
[][]  []
 []


Overfull \hbox (16.96811pt too wide) in paragraph at lines 235--245
 []  []
 []


Overfull \hbox (16.96811pt too wide) in paragraph at lines 247--259
 []  []
 []

[161]
Overfull \hbox (14.35762pt too wide) in paragraph at lines 268--269
[][]  []
 []


Underfull \hbox (badness 10000) in paragraph at lines 286--286

 []


Overfull \hbox (19.14348pt too wide) in paragraph at lines 271--287
 []  []
 []


Overfull \hbox (14.35762pt too wide) in paragraph at lines 296--297
[][]  []
 []

[162]
Underfull \hbox (badness 10000) in paragraph at lines 314--314

 []


Overfull \hbox (16.96811pt too wide) in paragraph at lines 299--315
 []  []
 []


Overfull \hbox (19.14348pt too wide) in paragraph at lines 318--333
 []  []
 []


Overfull \hbox (14.35762pt too wide) in paragraph at lines 347--348
[][]  []
 []

[163]
Overfull \hbox (19.14348pt too wide) in paragraph at lines 352--364
 []  []
 []


Overfull \hbox (19.14348pt too wide) in paragraph at lines 366--374
 []  []
 []


Overfull \hbox (14.35762pt too wide) in paragraph at lines 384--385
[][]  []
 []

[164]
Overfull \hbox (16.96811pt too wide) in paragraph at lines 387--393
 []  []
 []


Overfull \hbox (19.14348pt too wide) in paragraph at lines 395--401
 []  []
 []


Overfull \hbox (14.35762pt too wide) in paragraph at lines 407--408
[][]  []
 []

[165]
Overfull \hbox (19.14348pt too wide) in paragraph at lines 411--421
 []  []
 []


Overfull \hbox (16.96811pt too wide) in paragraph at lines 423--435
 []  []
 []

[166]
Underfull \hbox (badness 10000) in paragraph at lines 450--450

 []


Underfull \hbox (badness 4024) in paragraph at lines 450--450
\T1/cmr/m/n/12 FILLING: Melt but-ter and choco-late in heavy
 []


Overfull \hbox (16.96811pt too wide) in paragraph at lines 437--451
 []  []
 []


Overfull \hbox (16.96811pt too wide) in paragraph at lines 454--463
 []  []
 []

[167]
Overfull \hbox (16.96811pt too wide) in paragraph at lines 465--471
 []  []
 []


Overfull \hbox (14.35762pt too wide) in paragraph at lines 479--480
[][]  []
 []


Overfull \hbox (16.96811pt too wide) in paragraph at lines 482--490
 []  []
 []

)
Underfull \hbox (badness 10000) in paragraph at lines 481--10

 []

(OtherDesserts.tex
Overfull \hbox (14.35762pt too wide) in paragraph at lines 13--14
[][]  []
 []

[168]
Overfull \hbox (16.96811pt too wide) in paragraph at lines 16--28
 []  []
 []


Overfull \hbox (14.35762pt too wide) in paragraph at lines 44--45
[][]  []
 []


Overfull \hbox (19.14348pt too wide) in paragraph at lines 47--58
 []  []
 []

[169]
Overfull \hbox (14.35762pt too wide) in paragraph at lines 68--69
[][]  []
 []


Overfull \hbox (14.35762pt too wide) in paragraph at lines 75--76
[][]  []
 []


Overfull \hbox (14.35762pt too wide) in paragraph at lines 83--84
[][]  []
 []


Overfull \hbox (19.14348pt too wide) in paragraph at lines 86--98
 []  []
 []

[170]
Overfull \hbox (16.96811pt too wide) in paragraph at lines 100--109
 []  []
 []


Overfull \hbox (19.14348pt too wide) in paragraph at lines 111--122
 []  []
 []


Underfull \hbox (badness 10000) in paragraph at lines 136--136

 []


Overfull \hbox (19.14348pt too wide) in paragraph at lines 126--137
 []  []
 []

[171]
Underfull \hbox (badness 10000) in paragraph at lines 148--148

 []


Overfull \hbox (16.96811pt too wide) in paragraph at lines 139--149
 []  []
 []


Underfull \hbox (badness 10000) in paragraph at lines 174--174

 []


Underfull \hbox (badness 10000) in paragraph at lines 174--174

 []


Overfull \hbox (16.96811pt too wide) in paragraph at lines 152--175
 []  []
 []

[172]
Overfull \hbox (16.96811pt too wide) in paragraph at lines 177--183
 []  []
 []


Overfull \hbox (14.35762pt too wide) in paragraph at lines 197--198
[][]  []
 []

[173]
Overfull \hbox (14.35762pt too wide) in paragraph at lines 207--208
[][]  []
 []


Overfull \hbox (16.96811pt too wide) in paragraph at lines 210--221
 []  []
 []

[174]
Overfull \hbox (19.14348pt too wide) in paragraph at lines 224--232
 []  []
 []


Overfull \hbox (16.96811pt too wide) in paragraph at lines 234--242
 []  []
 []

[175]
Underfull \hbox (badness 10000) in paragraph at lines 253--253

 []


Overfull \hbox (16.96811pt too wide) in paragraph at lines 244--254
 []  []
 []


Underfull \hbox (badness 3701) in paragraph at lines 267--267
\T1/cmr/bx/n/12 1 can man-darin or-ange seg-ments,
 []


Overfull \hbox (14.35762pt too wide) in paragraph at lines 267--268
[][]  []
 []

[176]
Overfull \hbox (16.96811pt too wide) in paragraph at lines 270--276
 []  []
 []


Underfull \hbox (badness 2460) in paragraph at lines 283--283
[]\T1/cmr/m/n/12 Soak gela-tine in cold wa-ter or melt it in mi-
 []


Overfull \hbox (16.96811pt too wide) in paragraph at lines 278--284
 []  []
 []


Overfull \hbox (14.35762pt too wide) in paragraph at lines 294--295
[][]  []
 []

[177]
Overfull \hbox (14.35762pt too wide) in paragraph at lines 307--308
[][]  []
 []


Overfull \hbox (14.35762pt too wide) in paragraph at lines 321--322
[][]  []
 []

[178]
Overfull \hbox (19.14348pt too wide) in paragraph at lines 324--337
 []  []
 []

[179]
Overfull \hbox (16.96811pt too wide) in paragraph at lines 339--347
 []  []
 []


Overfull \hbox (16.96811pt too wide) in paragraph at lines 349--356
 []  []
 []


Overfull \hbox (14.35762pt too wide) in paragraph at lines 362--363
[][]  []
 []

[180]
Overfull \hbox (16.96811pt too wide) in paragraph at lines 366--373
 []  []
 []


Underfull \hbox (badness 10000) in paragraph at lines 397--397

 []


Underfull \hbox (badness 10000) in paragraph at lines 397--397

 []


Overfull \hbox (14.35762pt too wide) in paragraph at lines 397--398
[][]  []
 []

[181]
Overfull \hbox (14.35762pt too wide) in paragraph at lines 408--409
[][]  []
 []


Overfull \hbox (14.35762pt too wide) in paragraph at lines 416--417
[][]  []
 []

)
Underfull \hbox (badness 10000) in paragraph at lines 411--12

 []

(Icing.tex [182]
Overfull \hbox (16.96811pt too wide) in paragraph at lines 4--12
 []  []
 []


Overfull \hbox (16.96811pt too wide) in paragraph at lines 14--23
 []  []
 []


Overfull \hbox (14.35762pt too wide) in paragraph at lines 30--31
[][]  []
 []


Overfull \hbox (14.35762pt too wide) in paragraph at lines 39--40
[][]  []
 []

[183]
Overfull \hbox (16.96811pt too wide) in paragraph at lines 42--48
 []  []
 []


Overfull \hbox (14.35762pt too wide) in paragraph at lines 52--53
[][]  []
 []


Overfull \hbox (14.35762pt too wide) in paragraph at lines 59--60
[][]  []
 []


Overfull \hbox (14.35762pt too wide) in paragraph at lines 73--74
[][]  []
 []

[184]
Overfull \hbox (14.35762pt too wide) in paragraph at lines 85--86
[][]  []
 []


Overfull \hbox (16.96811pt too wide) in paragraph at lines 91--97
 []  []
 []


Overfull \hbox (14.35762pt too wide) in paragraph at lines 101--102
[][]  []
 []


Overfull \hbox (19.14348pt too wide) in paragraph at lines 104--113
 []  []
 []

[185]
Overfull \hbox (16.96811pt too wide) in paragraph at lines 115--123
 []  []
 []


Overfull \hbox (16.96811pt too wide) in paragraph at lines 125--134
 []  []
 []


Overfull \hbox (14.35762pt too wide) in paragraph at lines 141--142
[][]  []
 []

[186]
Overfull \hbox (14.35762pt too wide) in paragraph at lines 148--149
[][]  []
 []


Overfull \hbox (14.35762pt too wide) in paragraph at lines 161--162
[][]  []
 []


Overfull \hbox (16.96811pt too wide) in paragraph at lines 164--169
 []  []
 []

)
Underfull \hbox (badness 10000) in paragraph at lines 163--14

 []

) (Beverages.tex [187] [188

]
Overfull \hbox (16.96811pt too wide) in paragraph at lines 4--8
 []  []
 []


Overfull \hbox (16.96811pt too wide) in paragraph at lines 10--17
 []  []
 []


Overfull \hbox (16.96811pt too wide) in paragraph at lines 19--26
 []  []
 []

)
Underfull \hbox (badness 10000) in paragraph at lines 18--172

 []

(Pioneer.tex [189] [190

]
Overfull \hbox (14.35762pt too wide) in paragraph at lines 8--9
[][]  []
 []


Underfull \hbox (badness 2418) in paragraph at lines 19--19
\T1/cmr/bx/n/12 1 tsp single-strength liq-uid ren-net
 []


Underfull \hbox (badness 10000) in paragraph at lines 19--19

 []


Overfull \hbox (14.35762pt too wide) in paragraph at lines 19--20
[][]  []
 []


Overfull \hbox (14.35762pt too wide) in paragraph at lines 36--37
[][]  []
 []

[191]
Overfull \hbox (14.35762pt too wide) in paragraph at lines 40--41
[][]  []
 []


Overfull \hbox (16.96811pt too wide) in paragraph at lines 43--53
 []  []
 []

[192]
Overfull \hbox (14.35762pt too wide) in paragraph at lines 68--69
[][]  []
 []


Overfull \hbox (16.96811pt too wide) in paragraph at lines 71--81
 []  []
 []


Underfull \hbox (badness 10000) in paragraph at lines 92--92

 []


Overfull \hbox (16.96811pt too wide) in paragraph at lines 83--93
 []  []
 []

[193]
Overfull \hbox (14.35762pt too wide) in paragraph at lines 110--111
[][]  []
 []


Overfull \hbox (16.96811pt too wide) in paragraph at lines 113--122
 []  []
 []


Overfull \hbox (14.35762pt too wide) in paragraph at lines 141--142
[][]  []
 []

[194])
Underfull \hbox (badness 10000) in paragraph at lines 143--174

 []

[195] [196

] [197] [198] (African.tex
Underfull \hbox (badness 3657) in paragraph at lines 12--12
\T1/cmr/bx/n/12 1 cup peanut but-ter mixed with
 []


Overfull \hbox (14.35762pt too wide) in paragraph at lines 12--13
[][]  []
 []


Overfull \hbox (14.35762pt too wide) in paragraph at lines 26--27
[][]  []
 []


Overfull \hbox (14.35762pt too wide) in paragraph at lines 31--32
[][]  []
 []

[199

]
Overfull \hbox (16.96811pt too wide) in paragraph at lines 38--44
 []  []
 []


Overfull \hbox (16.96811pt too wide) in paragraph at lines 46--51
 []  []
 []


Overfull \hbox (16.96811pt too wide) in paragraph at lines 53--64
 []  []
 []


Overfull \hbox (14.35762pt too wide) in paragraph at lines 77--78
[][]  []
 []

[200]
Overfull \hbox (14.35762pt too wide) in paragraph at lines 89--90
[][]  []
 []


Overfull \hbox (19.14348pt too wide) in paragraph at lines 92--100
 []  []
 []


Overfull \hbox (16.96811pt too wide) in paragraph at lines 103--113
 []  []
 []

[201]
Overfull \hbox (16.96811pt too wide) in paragraph at lines 115--125
 []  []
 []


Overfull \hbox (19.14348pt too wide) in paragraph at lines 127--138
 []  []
 []


Overfull \hbox (14.35762pt too wide) in paragraph at lines 144--145
[][]  []
 []


Overfull \hbox (14.35762pt too wide) in paragraph at lines 151--152
[][]  []
 []

[202]
Overfull \hbox (14.35762pt too wide) in paragraph at lines 163--164
[][]  []
 []


Overfull \hbox (19.14348pt too wide) in paragraph at lines 167--185
 []  []
 []


Overfull \hbox (14.35762pt too wide) in paragraph at lines 208--209
[][]  []
 []

[203]
Underfull \hbox (badness 10000) in paragraph at lines 211--212

 []

) (Ethiopian.tex
Underfull \hbox (badness 10000) in paragraph at lines 210--1

 []

[204]
Overfull \hbox (14.35762pt too wide) in paragraph at lines 9--10
[][]  []
 []


Overfull \hbox (19.14348pt too wide) in paragraph at lines 12--23
 []  []
 []


Overfull \hbox (14.35762pt too wide) in paragraph at lines 42--43
[][]  []
 []

[205

]
Overfull \hbox (14.35762pt too wide) in paragraph at lines 62--63
[][]  []
 []


Overfull \hbox (14.35762pt too wide) in paragraph at lines 74--75
[][]  []
 []

[206]
Overfull \hbox (14.35762pt too wide) in paragraph at lines 89--90
[][]  []
 []


Overfull \hbox (14.35762pt too wide) in paragraph at lines 101--102
[][]  []
 []


Overfull \hbox (14.35762pt too wide) in paragraph at lines 110--111
[][]  []
 []

[207]
Overfull \hbox (14.35762pt too wide) in paragraph at lines 118--119
[][]  []
 []


Overfull \hbox (14.35762pt too wide) in paragraph at lines 125--126
[][]  []
 []


Overfull \hbox (14.35762pt too wide) in paragraph at lines 135--136
[][]  []
 []

) (Mediterannean.tex
Underfull \hbox (badness 10000) in paragraph at lines 127--1

 []

[208]
Underfull \hbox (badness 10000) in paragraph at lines 16--16

 []


Underfull \hbox (badness 10000) in paragraph at lines 47--47

 []


Overfull \hbox (19.14348pt too wide) in paragraph at lines 36--48
 []  []
 []

[209

]
Overfull \hbox (14.35762pt too wide) in paragraph at lines 71--72
[][]  []
 []


Overfull \hbox (14.35762pt too wide) in paragraph at lines 84--85
[][]  []
 []

[210]
Overfull \hbox (19.14348pt too wide) in paragraph at lines 87--95
 []  []
 []


Overfull \hbox (14.35762pt too wide) in paragraph at lines 111--112
[][]  []
 []

[211]
Underfull \hbox (badness 1655) in paragraph at lines 130--130
\T1/cmr/bx/n/12 2 cups drained and rinsed canned
 []


Overfull \hbox (19.14348pt too wide) in paragraph at lines 114--131
 []  []
 []


Overfull \hbox (16.96811pt too wide) in paragraph at lines 134--149
 []  []
 []

[212]
Overfull \hbox (19.14348pt too wide) in paragraph at lines 151--158
 []  []
 []


Overfull \hbox (14.35762pt too wide) in paragraph at lines 172--173
[][]  []
 []


Overfull \hbox (14.35762pt too wide) in paragraph at lines 181--182
[][]  []
 []

[213]
Overfull \hbox (14.35762pt too wide) in paragraph at lines 186--187
[][]  []
 []


Overfull \hbox (14.35762pt too wide) in paragraph at lines 200--201
[][]  []
 []


Overfull \hbox (14.35762pt too wide) in paragraph at lines 210--211
[][]  []
 []


Overfull \hbox (14.35762pt too wide) in paragraph at lines 229--230
[][]  []
 []

[214]
Overfull \hbox (14.35762pt too wide) in paragraph at lines 242--243
[][]  []
 []


Underfull \hbox (badness 6542) in paragraph at lines 258--258
\T1/cmr/bx/n/12 1 1-lb but-ter-nut squash, peeled,
 []


Overfull \hbox (14.35762pt too wide) in paragraph at lines 258--259
[][]  []
 []


Overfull \hbox (14.35762pt too wide) in paragraph at lines 270--271
[][]  []
 []

[215]
Overfull \hbox (14.35762pt too wide) in paragraph at lines 281--282
[][]  []
 []


Overfull \hbox (16.96811pt too wide) in paragraph at lines 284--292
 []  []
 []


Overfull \hbox (19.14348pt too wide) in paragraph at lines 294--310
 []  []
 []

[216]
Underfull \hbox (badness 10000) in paragraph at lines 313--314

 []

) (Indian.tex
Underfull \hbox (badness 10000) in paragraph at lines 312--1

 []

[217] [218

]
Overfull \hbox (16.96811pt too wide) in paragraph at lines 4--15
 []  []
 []


Overfull \hbox (16.96811pt too wide) in paragraph at lines 17--31
 []  []
 []


Overfull \hbox (19.14348pt too wide) in paragraph at lines 34--49
 []  []
 []

[219]
Overfull \hbox (14.35762pt too wide) in paragraph at lines 69--70
[][]  []
 []


Overfull \hbox (14.35762pt too wide) in paragraph at lines 86--87
[][]  []
 []

[220]
Overfull \hbox (14.35762pt too wide) in paragraph at lines 100--101
[][]  []
 []


Overfull \hbox (14.35762pt too wide) in paragraph at lines 127--128
[][]  []
 []

[221]
Overfull \hbox (16.96811pt too wide) in paragraph at lines 130--148
 []  []
 []


Underfull \hbox (badness 10000) in paragraph at lines 164--164

 []


Overfull \hbox (14.35762pt too wide) in paragraph at lines 164--165
[][]  []
 []

[222]
Overfull \hbox (14.35762pt too wide) in paragraph at lines 182--183
[][]  []
 []


Overfull \hbox (16.96811pt too wide) in paragraph at lines 185--203
 []  []
 []

[223]
Overfull \hbox (14.35762pt too wide) in paragraph at lines 216--217
[][]  []
 []


Overfull \hbox (14.35762pt too wide) in paragraph at lines 228--229
[][]  []
 []


Overfull \hbox (16.96811pt too wide) in paragraph at lines 231--245
 []  []
 []

[224]
Overfull \hbox (14.35762pt too wide) in paragraph at lines 261--262
[][]  []
 []


Overfull \hbox (16.96811pt too wide) in paragraph at lines 264--282
 []  []
 []

[225]
Overfull \hbox (14.35762pt too wide) in paragraph at lines 295--296
[][]  []
 []


Overfull \hbox (14.35762pt too wide) in paragraph at lines 306--307
[][]  []
 []

[226]
Overfull \hbox (14.35762pt too wide) in paragraph at lines 321--322
[][]  []
 []


Overfull \hbox (14.35762pt too wide) in paragraph at lines 337--338
[][]  []
 []


Underfull \hbox (badness 1226) in paragraph at lines 355--355
\T1/cmr/bx/n/12 1-2 tsp ka-suri me-thi/dry fenu-greek
 []


Overfull \hbox (19.14348pt too wide) in paragraph at lines 340--356
 []  []
 []

[227]
Underfull \hbox (badness 1478) in paragraph at lines 371--371
\T1/cmr/bx/n/12 1 Tbsp chopped cilantro or 1 tsp
 []


Overfull \hbox (16.96811pt too wide) in paragraph at lines 358--372
 []  []
 []


Underfull \hbox (badness 10000) in paragraph at lines 397--397

 []


Overfull \hbox (16.96811pt too wide) in paragraph at lines 375--398
 []  []
 []

[228]
Overfull \hbox (16.96811pt too wide) in paragraph at lines 400--430
 []  []
 []

[229]
Overfull \hbox (16.96811pt too wide) in paragraph at lines 433--439
 []  []
 []

[230]
Overfull \hbox (19.14348pt too wide) in paragraph at lines 441--453
 []  []
 []


Overfull \hbox (14.35762pt too wide) in paragraph at lines 463--464
[][]  []
 []

[231]
Overfull \hbox (19.14348pt too wide) in paragraph at lines 467--474
 []  []
 []


Overfull \hbox (14.35762pt too wide) in paragraph at lines 493--494
[][]  []
 []


Overfull \hbox (14.35762pt too wide) in paragraph at lines 506--507
[][]  []
 []

[232]
Overfull \hbox (19.14348pt too wide) in paragraph at lines 509--518
 []  []
 []


Underfull \hbox (badness 10000) in paragraph at lines 520--521

 []


Overfull \hbox (14.35762pt too wide) in paragraph at lines 529--530
[][]  []
 []

[233]
Overfull \hbox (14.35762pt too wide) in paragraph at lines 556--557
[][]  []
 []


Overfull \hbox (14.35762pt too wide) in paragraph at lines 566--567
[][]  []
 []

) (SouthEastAsian.tex [234]
Overfull \hbox (16.96811pt too wide) in paragraph at lines 11--20
 []  []
 []


Overfull \hbox (14.35762pt too wide) in paragraph at lines 27--28
[][]  []
 []


Overfull \hbox (14.35762pt too wide) in paragraph at lines 39--40
[][]  []
 []

[235

]
Overfull \hbox (14.35762pt too wide) in paragraph at lines 49--50
[][]  []
 []


Overfull \hbox (16.96811pt too wide) in paragraph at lines 52--63
 []  []
 []


Overfull \hbox (14.35762pt too wide) in paragraph at lines 76--77
[][]  []
 []

[236]
Overfull \hbox (14.35762pt too wide) in paragraph at lines 91--92
[][]  []
 []


Overfull \hbox (14.35762pt too wide) in paragraph at lines 108--109
[][]  []
 []


Overfull \hbox (14.35762pt too wide) in paragraph at lines 126--127
[][]  []
 []

[237]
Overfull \hbox (14.35762pt too wide) in paragraph at lines 134--135
[][]  []
 []


Overfull \hbox (16.96811pt too wide) in paragraph at lines 137--153
 []  []
 []


Overfull \hbox (16.96811pt too wide) in paragraph at lines 155--171
 []  []
 []

[238]
Overfull \hbox (14.35762pt too wide) in paragraph at lines 186--187
[][]  []
 []


Underfull \hbox (badness 10000) in paragraph at lines 201--201

 []


Overfull \hbox (14.35762pt too wide) in paragraph at lines 201--202
[][]  []
 []

[239]
Underfull \hbox (badness 1859) in paragraph at lines 220--220
\T1/cmr/bx/n/12 1 8-oz can sliced wa-ter chest-nuts,
 []


Overfull \hbox (14.35762pt too wide) in paragraph at lines 220--221
[][]  []
 []


Overfull \hbox (14.35762pt too wide) in paragraph at lines 242--243
[][]  []
 []

[240]
Underfull \hbox (badness 10000) in paragraph at lines 265--265

 []


Underfull \hbox (badness 10000) in paragraph at lines 265--265

 []


Overfull \hbox (19.14348pt too wide) in paragraph at lines 245--266
 []  []
 []

[241]
Overfull \hbox (16.96811pt too wide) in paragraph at lines 268--278
 []  []
 []


Underfull \hbox (badness 10000) in paragraph at lines 301--301

 []


Underfull \hbox (badness 10000) in paragraph at lines 301--301

 []


Overfull \hbox (14.35762pt too wide) in paragraph at lines 301--302
[][]  []
 []

[242]
Underfull \hbox (badness 1253) in paragraph at lines 313--313
[]\T1/cmr/m/n/12 Soak mush-rooms in warm wa-ter for 20 min-utes.
 []


Overfull \hbox (14.35762pt too wide) in paragraph at lines 313--314
[][]  []
 []

[243]
Overfull \hbox (16.96811pt too wide) in paragraph at lines 323--333
 []  []
 []


Underfull \hbox (badness 1127) in paragraph at lines 351--351
\T1/cmr/bx/n/12 4 cups broc-coli, cut into bite size
 []


Underfull \hbox (badness 10000) in paragraph at lines 351--351
[]$$\T1/cmr/bx/n/12 /$$$[]$ cup chopped, fresh cilantro
 []


Underfull \hbox (badness 10000) in paragraph at lines 351--351

 []


Overfull \hbox (16.96811pt too wide) in paragraph at lines 335--352
 []  []
 []


Overfull \hbox (16.96811pt too wide) in paragraph at lines 354--374
 []  []
 []

[244]
Underfull \hbox (badness 1484) in paragraph at lines 388--388
\T1/cmr/bx/n/12 1 []$$/$$$[]$ to 2 cu-cum-bers, peeled and
 []


Overfull \hbox (16.96811pt too wide) in paragraph at lines 376--389
 []  []
 []


Underfull \hbox (badness 2126) in paragraph at lines 401--401
\T1/cmr/bx/n/12 3 cups bean sprouts, washed and
 []


Underfull \hbox (badness 10000) in paragraph at lines 401--401

 []


Overfull \hbox (14.35762pt too wide) in paragraph at lines 401--402
[][]  []
 []

[245]
Overfull \hbox (16.96811pt too wide) in paragraph at lines 404--409
 []  []
 []


Overfull \hbox (19.14348pt too wide) in paragraph at lines 413--425
 []  []
 []


Overfull \hbox (14.35762pt too wide) in paragraph at lines 431--432
[][]  []
 []

[246]
Overfull \hbox (19.14348pt too wide) in paragraph at lines 434--441
 []  []
 []


Underfull \hbox (badness 1178) in paragraph at lines 446--446
[]\T1/cmr/bx/n/12 fish cake (a white, gelati-nous sub-
 []


Overfull \hbox (19.14348pt too wide) in paragraph at lines 443--447
 []  []
 []


Overfull \hbox (14.35762pt too wide) in paragraph at lines 458--459
[][]  []
 []

[247])
Underfull \hbox (badness 10000) in paragraph at lines 469--183

 []

[248] [249

] [250] (Miscellaneous.tex [251

])
Underfull \hbox (badness 10000) in paragraph at lines 63--186

 []

(RecipeBook.ind [252]
Overfull \hbox (19.0341pt too wide) in paragraph at lines 17--18
[]\T1/cmr/m/n/12 APPLEBEE'S GRILLED SHRIMP 'N' SPINACH
 []


Overfull \hbox (8.20201pt too wide) in paragraph at lines 19--20
[]\T1/cmr/m/n/12 ARBY'S COPY-CAT CURLY FRIES BAT-TER,
 []


Overfull \hbox (16.59427pt too wide) in paragraph at lines 81--82
[]\T1/cmr/m/n/12 BUTTERMILK CORN-BREAD MUFFINS (GF),
 []

[253


]
Overfull \hbox (7.13425pt too wide) in paragraph at lines 87--88
[]\T1/cmr/m/n/12 CABBAGE BRAISED WITH CAR-ROTS AND
 []


Overfull \hbox (22.86642pt too wide) in paragraph at lines 91--92
[]\T1/cmr/m/n/12 CAMEMBERT AND PUMPER-NICKEL BREAD,
 []


Overfull \hbox (27.45299pt too wide) in paragraph at lines 96--97
[]\T1/cmr/m/n/12 CARROT CAKE AND CREAM CHEESE FROST-
 []


Overfull \hbox (8.03392pt too wide) in paragraph at lines 104--105
[]\T1/cmr/m/n/12 CHEESY AMISH BREAK-FAST CASSE-ROLE,
 []


Overfull \hbox (16.7541pt too wide) in paragraph at lines 136--137
[]\T1/cmr/m/n/12 CHOCOLATE CHIP BA-NANA MUFFINS (GF),
 []


Overfull \hbox (0.21628pt too wide) in paragraph at lines 143--144
[]\T1/cmr/m/n/12 CHOCOLATE MARSH-MAL-LOW ROLL, [][]155[][] 
 []

[254]
Overfull \hbox (3.04202pt too wide) in paragraph at lines 194--195
[]\T1/cmr/m/n/12 CURRIED CHICKEN SAND-WICH FILL-ING,
 []


Overfull \hbox (30.04262pt too wide) in paragraph at lines 208--209
[]\T1/cmr/m/n/12 DICED CHICKEN WITH BROWN BEAN SAUCE,
 []


Overfull \hbox (16.1916pt too wide) in paragraph at lines 212--213
[]\T1/cmr/m/n/12 DOUBLE CHOCO-LATE SUR-PRISE MUFFINS,
 []


Overfull \hbox (2.89894pt too wide) in paragraph at lines 220--221
[]\T1/cmr/m/n/12 EASY ORANGE-CRANBERRY TRI-FLE, [][]177[][] 
 []


Overfull \hbox (3.7101pt too wide) in paragraph at lines 252--253
[]\T1/cmr/m/n/12 GARLIC AND BASIL MASHED POTA-TOES,
 []


Overfull \hbox (1.67583pt too wide) in paragraph at lines 256--257
[]\T1/cmr/m/n/12 GENOISE FRENCH SPONGE LAY-ERS FOR
 []


Overfull \hbox (16.75699pt too wide) in paragraph at lines 260--261
[]\T1/cmr/m/n/12 GINGER CHICKEN AND BA-CON BITES (GF),
 []

[255]
Overfull \hbox (10.55011pt too wide) in paragraph at lines 308--309
[]\T1/cmr/m/n/12 HABAERO BLACK BEAN MANGO SALAD,
 []


Overfull \hbox (18.97153pt too wide) in paragraph at lines 319--320
[]\T1/cmr/m/n/12 HERSHEY'S TOLL-HOUSE CHOCO-LATE CHIP
 []


Overfull \hbox (4.2058pt too wide) in paragraph at lines 324--325
[]\T1/cmr/m/n/12 HONEY GAR-LIC BUT-TER ROASTED CAR-
 []


Overfull \hbox (0.54135pt too wide) in paragraph at lines 327--328
[]\T1/cmr/m/n/12 HOT BUT-TERED RUM CHEESE-CAKE, [][]137[][] 
 []


Overfull \hbox (0.12488pt too wide) in paragraph at lines 349--350
[]\T1/cmr/m/n/12 JALAPENO BA-CON DEV-ILED EGGS (GF),
 []

[256]
Overfull \hbox (27.29033pt too wide) in paragraph at lines 396--397
[]\T1/cmr/m/n/12 MAPLE-ROASTED BRUS-SELS SPROUTS WITH
 []


Overfull \hbox (2.48799pt too wide) in paragraph at lines 402--403
[]\T1/cmr/m/n/12 MEDITERRANEAN CHOPPED SALAD, [][]210[][] 
 []


Overfull \hbox (4.28471pt too wide) in paragraph at lines 404--405
[]\T1/cmr/m/n/12 MENNONITE PEP-PER-MINT COOK-IES, [][]157[][] 
 []


Overfull \hbox (2.48824pt too wide) in paragraph at lines 451--452
[]\T1/cmr/m/n/12 OVEN BAKED PORK CHOPS WITH POTA-
 []

[257]
Overfull \hbox (32.82509pt too wide) in paragraph at lines 473--474
[]\T1/cmr/m/n/12 PEANUT BUT-TER MARSH-MAL-LOW SQUARES,
 []


Overfull \hbox (17.56783pt too wide) in paragraph at lines 475--476
[]\T1/cmr/m/n/12 PEANUT SAUCE FOR VIET-NAMESE SPRING
 []


Overfull \hbox (1.09958pt too wide) in paragraph at lines 479--481
[]\T1/cmr/m/n/12 PERSIAN OR-ANGE TORTE WITH CREAM
 []


Overfull \hbox (30.04395pt too wide) in paragraph at lines 486--487
[]\T1/cmr/m/n/12 PINEAPPLE AND CHICKEN WEST-ERN STYLE,
 []


Overfull \hbox (0.52875pt too wide) in paragraph at lines 499--500
[]\T1/cmr/m/n/12 PORK TEN-DER-LOIN WITH MUSH-ROOMS
 []


Overfull \hbox (3.1297pt too wide) in paragraph at lines 511--512
[]\T1/cmr/m/n/12 PUMPKIN LEAF IN PEANUT BUT-TER, [][]202[][] 
 []


Overfull \hbox (3.3087pt too wide) in paragraph at lines 530--531
[]\T1/cmr/m/n/12 RHUBARB MERINGUE DESSERT (GF), [][]182[][] 
 []


Overfull \hbox (9.33075pt too wide) in paragraph at lines 532--533
[]\T1/cmr/m/n/12 RICE KRISPIE MARSH-MAL-LOW SQUARES,
 []


Overfull \hbox (10.21959pt too wide) in paragraph at lines 536--537
[]\T1/cmr/m/n/12 RICOTTA DUMPLINGS IN CHILLI SPINACH
 []


Overfull \hbox (1.9133pt too wide) in paragraph at lines 559--560
[]\T1/cmr/m/n/12 SALMON WITH GAR-LIC LEMON BUT-TER
 []

[258]
Overfull \hbox (4.75989pt too wide) in paragraph at lines 577--578
[]\T1/cmr/m/n/12 SHRIMP AND BROC-COLI IN CHILI SAUCE,
 []


Overfull \hbox (18.38434pt too wide) in paragraph at lines 578--579
[]\T1/cmr/m/n/12 SHRIMP AND BROC-COLI IN GAR-LIC SAUCE,
 []


Overfull \hbox (33.40834pt too wide) in paragraph at lines 591--592
[]\T1/cmr/m/n/12 SPAGHETTI WITH NO-COOK TOMATO SAUCE,
 []


Overfull \hbox (7.1981pt too wide) in paragraph at lines 598--599
[]\T1/cmr/m/n/12 SPINACH DIP IN PUMPER-NICKEL BREAD,
 []


Overfull \hbox (0.37479pt too wide) in paragraph at lines 646--647
[]\T1/cmr/m/n/12 TOMATO SOUP JUST LIKE CAMP-BELL'S,
 []

[259]
Overfull \hbox (0.45244pt too wide) in paragraph at lines 670--671
[]\T1/cmr/m/n/12 VIETNAMESE FRESH SPRING ROLLS, [][]247[][] 
 []

[260

])
\tf@toc=\write6
\openout6 = `RecipeBook.toc'.

Package atveryend Info: Empty hook `BeforeClearDocument' on input line 190.
Package atveryend Info: Empty hook `AfterLastShipout' on input line 190.
 (RecipeBook.aux)
Package atveryend Info: Executing hook `AtVeryEndDocument' on input line 190.
Package atveryend Info: Executing hook `AtEndAfterFileList' on input line 190.
Package rerunfilecheck Info: File `RecipeBook.out' has not changed.
(rerunfilecheck)             Checksum: 7B480878B99B0EC0A9A3059A9FD6B695;2099.
Package atveryend Info: Empty hook `AtVeryVeryEnd' on input line 190.
 ) 
Here is how much of TeX's memory you used:
 9934 strings out of 493312
 138924 string characters out of 3138892
 262701 words of memory out of 3000000
 13026 multiletter control sequences out of 15000+200000
 17494 words of font info for 40 fonts, out of 3000000 for 9000
 1141 hyphenation exceptions out of 8191
 31i,12n,35p,1701b,367s stack positions out of 5000i,500n,10000p,200000b,50000s
 <C:\Users\Katrina\AppData\Local\MiKTeX\2.9\fonts\pk\ljfour\jknappen\ec\dpi600\ecti0800.pk> <C:\Users\Katrina\AppData\
Local\MiKTeX\2.9\fonts\pk\ljfour\jknappen\ec\dpi600\ecti1200.pk> <C:\Users\Katrina\AppData\Local\MiKTeX\2.9\fonts\pk\ljf
our\jknappen\ec\dpi600\ecrm0800.pk> <C:\Users\Katrina\AppData\Local\MiKTeX\2.9\fonts\pk\ljfour\jknappen\ec\dpi600\ecbx08
00.pk> <C:\Users\Katrina\AppData\Local\MiKTeX\2.9\fonts\pk\ljfour\jknappen\ec\dpi600\ecsl1200.pk> <C:\Users\Katrina\AppD
ata\Local\MiKTeX\2.9\fonts\pk\ljfour\jknappen\ec\dpi600\ecbx1200.pk> <C:\Users\Katrina\AppData\Local\MiKTeX\2.9\fonts\pk
\ljfour\jknappen\ec\dpi600\ecbx1440.pk> <C:\Users\Katrina\AppData\Local\MiKTeX\2.9\fonts\pk\ljfour\jknappen\ec\dpi600\ec
rm1200.pk> <C:\Users\Katrina\AppData\Local\MiKTeX\2.9\fonts\pk\ljfour\jknappen\ec\dpi600\ecbx1728.pk> <C:\Users\Katrina\
AppData\Local\MiKTeX\2.9\fonts\pk\ljfour\jknappen\ec\dpi600\ecbx2488.pk><C:/Program Files/MiKTeX 2.9/fonts/type1/public/
amsfonts/cm/cmmi12.pfb><C:/Program Files/MiKTeX 2.9/fonts/type1/public/amsfonts/cm/cmr12.pfb><C:/Program Files/MiKTeX 2.
9/fonts/type1/public/amsfonts/cm/cmr8.pfb><C:/Program Files/MiKTeX 2.9/fonts/type1/public/amsfonts/cm/cmsy10.pfb><C:/Pro
gram Files/MiKTeX 2.9/fonts/type1/public/amsfonts/cm/cmsy8.pfb>
Output written on RecipeBook.pdf (260 pages, 1243451 bytes).
PDF statistics:
 2509 PDF objects out of 2984 (max. 8388607)
 310 named destinations out of 1000 (max. 500000)
 294 words of extra memory for PDF output out of 10000 (max. 10000000)

