\BOOKMARK [-1][]{part.1}{\376\377\000M\000a\000i\000n}{}% 1
\BOOKMARK [0][]{chapter.1.1}{\376\377\000A\000p\000p\000e\000t\000i\000z\000e\000r\000s}{part.1}% 2
\BOOKMARK [0][]{chapter.1.2}{\376\377\000M\000a\000i\000n\000\040\000M\000e\000a\000l\000s}{part.1}% 3
\BOOKMARK [1][]{section.1.2.1}{\376\377\000B\000e\000e\000f}{chapter.1.2}% 4
\BOOKMARK [1][]{section.1.2.2}{\376\377\000P\000o\000r\000k}{chapter.1.2}% 5
\BOOKMARK [1][]{section.1.2.3}{\376\377\000C\000h\000i\000c\000k\000e\000n}{chapter.1.2}% 6
\BOOKMARK [1][]{section.1.2.4}{\376\377\000F\000i\000s\000h}{chapter.1.2}% 7
\BOOKMARK [1][]{section.1.2.5}{\376\377\000P\000a\000s\000t\000a\000,\000\040\000R\000i\000c\000e\000,\000\040\000a\000n\000d\000\040\000C\000e\000r\000e\000a\000l\000s}{chapter.1.2}% 8
\BOOKMARK [0][]{chapter.1.3}{\376\377\000V\000e\000g\000e\000t\000a\000b\000l\000e\000s}{part.1}% 9
\BOOKMARK [0][]{chapter.1.4}{\376\377\000B\000r\000u\000n\000c\000h}{part.1}% 10
\BOOKMARK [0][]{chapter.1.5}{\376\377\000M\000a\000r\000i\000n\000a\000d\000e\000s\000,\000\040\000D\000r\000y\000\040\000R\000u\000b\000s\000,\000\040\000a\000n\000d\000\040\000S\000a\000u\000c\000e\000s}{part.1}% 11
\BOOKMARK [0][]{chapter.1.6}{\376\377\000S\000o\000u\000p\000s\000,\000\040\000S\000a\000l\000a\000d\000s\000,\000\040\000a\000n\000d\000\040\000S\000a\000n\000d\000w\000i\000c\000h\000e\000s}{part.1}% 12
\BOOKMARK [1][]{section.1.6.1}{\376\377\000S\000o\000u\000p\000s\000\040\000a\000n\000d\000\040\000C\000h\000i\000l\000i\000s}{chapter.1.6}% 13
\BOOKMARK [1][]{section.1.6.2}{\376\377\000S\000a\000l\000a\000d\000s}{chapter.1.6}% 14
\BOOKMARK [1][]{section.1.6.3}{\376\377\000S\000a\000n\000d\000w\000i\000c\000h\000e\000s}{chapter.1.6}% 15
\BOOKMARK [0][]{chapter.1.7}{\376\377\000B\000r\000e\000a\000d\000s\000\040\000a\000n\000d\000\040\000M\000u\000f\000f\000i\000n\000s}{part.1}% 16
\BOOKMARK [1][]{section.1.7.1}{\376\377\000Y\000e\000a\000s\000t\000\040\000B\000r\000e\000a\000d\000s}{chapter.1.7}% 17
\BOOKMARK [1][]{section.1.7.2}{\376\377\000Q\000u\000i\000c\000k\000\040\000B\000r\000e\000a\000d\000s}{chapter.1.7}% 18
\BOOKMARK [0][]{chapter.1.8}{\376\377\000D\000e\000s\000s\000e\000r\000t\000s}{part.1}% 19
\BOOKMARK [1][]{section.1.8.1}{\376\377\000C\000a\000k\000e\000s}{chapter.1.8}% 20
\BOOKMARK [1][]{section.1.8.2}{\376\377\000C\000h\000e\000e\000s\000e\000c\000a\000k\000e\000s}{chapter.1.8}% 21
\BOOKMARK [1][]{section.1.8.3}{\376\377\000P\000i\000e\000s\000\040\000a\000n\000d\000\040\000P\000a\000s\000t\000r\000i\000e\000s}{chapter.1.8}% 22
\BOOKMARK [1][]{section.1.8.4}{\376\377\000B\000a\000r\000s\000\040\000a\000n\000d\000\040\000S\000q\000u\000a\000r\000e\000s}{chapter.1.8}% 23
\BOOKMARK [1][]{section.1.8.5}{\376\377\000C\000o\000o\000k\000i\000e\000s}{chapter.1.8}% 24
\BOOKMARK [1][]{section.1.8.6}{\376\377\000O\000t\000h\000e\000r\000\040\000D\000e\000s\000s\000e\000r\000t\000s}{chapter.1.8}% 25
\BOOKMARK [1][]{section.1.8.7}{\376\377\000I\000c\000i\000n\000g\000s\000\040\000a\000n\000d\000\040\000C\000a\000n\000d\000y}{chapter.1.8}% 26
\BOOKMARK [0][]{chapter.1.9}{\376\377\000B\000e\000v\000e\000r\000a\000g\000e\000s}{part.1}% 27
\BOOKMARK [0][]{chapter.1.10}{\376\377\000P\000i\000o\000n\000e\000e\000r\000\040\000W\000o\000m\000a\000n}{part.1}% 28
\BOOKMARK [-1][]{part.2}{\376\377\000E\000t\000h\000n\000i\000c\000\040\000R\000e\000c\000i\000p\000e\000s}{}% 29
\BOOKMARK [0][]{chapter.2.1}{\376\377\000A\000f\000r\000i\000c\000a\000n}{part.2}% 30
\BOOKMARK [0][]{chapter.2.2}{\376\377\000E\000t\000h\000i\000o\000p\000i\000a\000n}{part.2}% 31
\BOOKMARK [0][]{chapter.2.3}{\376\377\000M\000e\000d\000i\000t\000e\000r\000a\000n\000n\000e\000a\000n\000\040\000a\000n\000d\000\040\000M\000i\000d\000d\000l\000e\000\040\000E\000a\000s\000t\000e\000r\000n}{part.2}% 32
\BOOKMARK [0][]{chapter.2.4}{\376\377\000I\000n\000d\000i\000a\000n}{part.2}% 33
\BOOKMARK [0][]{chapter.2.5}{\376\377\000S\000o\000u\000t\000h\000\040\000E\000a\000s\000t\000\040\000A\000s\000i\000a\000n}{part.2}% 34
\BOOKMARK [-1][]{part.3}{\376\377\000M\000i\000s\000c\000e\000l\000l\000a\000n\000e\000o\000u\000s}{}% 35
\BOOKMARK [0][]{section*.8}{\376\377\000I\000n\000d\000e\000x}{part.3}% 36
